# JRE version: OpenJDK Runtime Environment Temurin-21.0.9+10 (21.0.9+10) (build 21.0.9+10-LTS)
# Java VM: OpenJDK 64-Bit Server VM Temurin-21.0.9+10 (21.0.9+10-LTS, mixed mode, sharing, tiered, compressed oops, compressed class ptrs, parallel gc, windows-amd64)
GC Precious Log:
 CardTable entry size: 512
 CPUs: 16 total, 16 available
 Memory: 16108M
 Large Page Support: Disabled
 NUMA Support: Disabled
 Compressed Oops: Enabled (32-bit)
 Alignments: Space 512K, Generation 512K, Heap 2M
 Heap Min Capacity: 100M
 Heap Initial Capacity: 100M
 Heap Max Capacity: 2G
 Pre-touch: Disabled
 Parallel Workers: 13
Heap:
 PSYoungGen      total 1536K, used 585K [0x00000000d5580000, 0x00000000d5900000, 0x0000000100000000)
  eden space 1024K, 32% used [0x00000000d5580000,0x00000000d55d25f8,0x00000000d5680000)
  from space 512K, 50% used [0x00000000d5800000,0x00000000d5840000,0x00000000d5880000)
  to   space 512K, 0% used [0x00000000d5880000,0x00000000d5880000,0x00000000d5900000)
 ParOldGen       total 631296K, used 256645K [0x0000000080000000, 0x00000000a6880000, 0x00000000d5580000)
  object space 631296K, 40% used [0x0000000080000000,0x000000008faa1540,0x00000000a6880000)
 Metaspace       used 78695K, committed 80384K, reserved 1179648K
  class space    used 8090K, committed 8832K, reserved 1048576K
GC Heap History (20 events):
Event: 89.500 GC heap before
{Heap before GC invocations=2634 (full 4):
 PSYoungGen      total 4096K, used 3680K [0x00000000d5580000, 0x00000000d5a80000, 0x0000000100000000)
  eden space 3072K, 100% used [0x00000000d5580000,0x00000000d5880000,0x00000000d5880000)
  from space 1024K, 59% used [0x00000000d5880000,0x00000000d5918000,0x00000000d5980000)
  to   space 1024K, 0% used [0x00000000d5980000,0x00000000d5980000,0x00000000d5a80000)
 ParOldGen       total 631296K, used 250445K [0x0000000080000000, 0x00000000a6880000, 0x00000000d5580000)
  object space 631296K, 39% used [0x0000000080000000,0x000000008f4937a0,0x00000000a6880000)
 Metaspace       used 78432K, committed 80064K, reserved 1179648K
  class space    used 8060K, committed 8768K, reserved 1048576K
}
Event: 89.501 GC heap after
{Heap after GC invocations=2634 (full 4):
 PSYoungGen      total 1536K, used 1007K [0x00000000d5580000, 0x00000000d5f80000, 0x0000000100000000)
  eden space 512K, 0% used [0x00000000d5580000,0x00000000d5580000,0x00000000d5600000)
  from space 1024K, 98% used [0x00000000d5980000,0x00000000d5a7bd00,0x00000000d5a80000)
  to   space 3584K, 0% used [0x00000000d5600000,0x00000000d5600000,0x00000000d5980000)
 ParOldGen       total 631296K, used 252158K [0x0000000080000000, 0x00000000a6880000, 0x00000000d5580000)
  object space 631296K, 39% used [0x0000000080000000,0x000000008f63f8b0,0x00000000a6880000)
 Metaspace       used 78432K, committed 80064K, reserved 1179648K
  class space    used 8060K, committed 8768K, reserved 1048576K
}
Event: 89.503 GC heap before
{Heap before GC invocations=2635 (full 4):
 PSYoungGen      total 1536K, used 1519K [0x00000000d5580000, 0x00000000d5f80000, 0x0000000100000000)
  eden space 512K, 99% used [0x00000000d5580000,0x00000000d55fffe8,0x00000000d5600000)
  from space 1024K, 98% used [0x00000000d5980000,0x00000000d5a7bd00,0x00000000d5a80000)
  to   space 3584K, 0% used [0x00000000d5600000,0x00000000d5600000,0x00000000d5980000)
 ParOldGen       total 631296K, used 252158K [0x0000000080000000, 0x00000000a6880000, 0x00000000d5580000)
  object space 631296K, 39% used [0x0000000080000000,0x000000008f63f8b0,0x00000000a6880000)
 Metaspace       used 78432K, committed 80064K, reserved 1179648K
  class space    used 8060K, committed 8768K, reserved 1048576K
}
Event: 89.504 GC heap after
{Heap after GC invocations=2635 (full 4):
 PSYoungGen      total 1536K, used 704K [0x00000000d5580000, 0x00000000d5a00000, 0x0000000100000000)
  eden space 512K, 0% used [0x00000000d5580000,0x00000000d5580000,0x00000000d5600000)
  from space 1024K, 68% used [0x00000000d5600000,0x00000000d56b0000,0x00000000d5700000)
  to   space 1536K, 0% used [0x00000000d5880000,0x00000000d5880000,0x00000000d5a00000)
 ParOldGen       total 631296K, used 253213K [0x0000000080000000, 0x00000000a6880000, 0x00000000d5580000)
  object space 631296K, 40% used [0x0000000080000000,0x000000008f7475b0,0x00000000a6880000)
 Metaspace       used 78432K, committed 80064K, reserved 1179648K
  class space    used 8060K, committed 8768K, reserved 1048576K
}
Event: 89.505 GC heap before
{Heap before GC invocations=2636 (full 4):
 PSYoungGen      total 1536K, used 1216K [0x00000000d5580000, 0x00000000d5a00000, 0x0000000100000000)
  eden space 512K, 100% used [0x00000000d5580000,0x00000000d5600000,0x00000000d5600000)
  from space 1024K, 68% used [0x00000000d5600000,0x00000000d56b0000,0x00000000d5700000)
  to   space 1536K, 0% used [0x00000000d5880000,0x00000000d5880000,0x00000000d5a00000)
 ParOldGen       total 631296K, used 253213K [0x0000000080000000, 0x00000000a6880000, 0x00000000d5580000)
  object space 631296K, 40% used [0x0000000080000000,0x000000008f7475b0,0x00000000a6880000)
 Metaspace       used 78432K, committed 80064K, reserved 1179648K
  class space    used 8060K, committed 8768K, reserved 1048576K
}
Event: 89.507 GC heap after
{Heap after GC invocations=2636 (full 4):
 PSYoungGen      total 2048K, used 672K [0x00000000d5580000, 0x00000000d5980000, 0x0000000100000000)
  eden space 1024K, 0% used [0x00000000d5580000,0x00000000d5580000,0x00000000d5680000)
  from space 1024K, 65% used [0x00000000d5880000,0x00000000d5928000,0x00000000d5980000)
  to   space 1024K, 0% used [0x00000000d5780000,0x00000000d5780000,0x00000000d5880000)
 ParOldGen       total 631296K, used 253701K [0x0000000080000000, 0x00000000a6880000, 0x00000000d5580000)
  object space 631296K, 40% used [0x0000000080000000,0x000000008f7c15b0,0x00000000a6880000)
 Metaspace       used 78432K, committed 80064K, reserved 1179648K
  class space    used 8060K, committed 8768K, reserved 1048576K
}
Event: 89.518 GC heap before
{Heap before GC invocations=2637 (full 4):
 PSYoungGen      total 2048K, used 1695K [0x00000000d5580000, 0x00000000d5980000, 0x0000000100000000)
  eden space 1024K, 99% used [0x00000000d5580000,0x00000000d567fec8,0x00000000d5680000)
  from space 1024K, 65% used [0x00000000d5880000,0x00000000d5928000,0x00000000d5980000)
  to   space 1024K, 0% used [0x00000000d5780000,0x00000000d5780000,0x00000000d5880000)
 ParOldGen       total 631296K, used 255181K [0x0000000080000000, 0x00000000a6880000, 0x00000000d5580000)
  object space 631296K, 40% used [0x0000000080000000,0x000000008f933540,0x00000000a6880000)
 Metaspace       used 78438K, committed 80064K, reserved 1179648K
  class space    used 8060K, committed 8768K, reserved 1048576K
}
Event: 89.519 GC heap after
{Heap after GC invocations=2637 (full 4):
 PSYoungGen      total 2048K, used 640K [0x00000000d5580000, 0x00000000d5900000, 0x0000000100000000)
  eden space 1024K, 0% used [0x00000000d5580000,0x00000000d5580000,0x00000000d5680000)
  from space 1024K, 62% used [0x00000000d5780000,0x00000000d5820000,0x00000000d5880000)
  to   space 512K, 0% used [0x00000000d5880000,0x00000000d5880000,0x00000000d5900000)
 ParOldGen       total 631296K, used 255693K [0x0000000080000000, 0x00000000a6880000, 0x00000000d5580000)
  object space 631296K, 40% used [0x0000000080000000,0x000000008f9b3540,0x00000000a6880000)
 Metaspace       used 78438K, committed 80064K, reserved 1179648K
  class space    used 8060K, committed 8768K, reserved 1048576K
}
Event: 166.989 GC heap before
{Heap before GC invocations=2638 (full 4):
 PSYoungGen      total 2048K, used 1664K [0x00000000d5580000, 0x00000000d5900000, 0x0000000100000000)
  eden space 1024K, 100% used [0x00000000d5580000,0x00000000d5680000,0x00000000d5680000)
  from space 1024K, 62% used [0x00000000d5780000,0x00000000d5820000,0x00000000d5880000)
  to   space 512K, 0% used [0x00000000d5880000,0x00000000d5880000,0x00000000d5900000)
 ParOldGen       total 631296K, used 255693K [0x0000000080000000, 0x00000000a6880000, 0x00000000d5580000)
  object space 631296K, 40% used [0x0000000080000000,0x000000008f9b3540,0x00000000a6880000)
 Metaspace       used 78449K, committed 80064K, reserved 1179648K
  class space    used 8061K, committed 8768K, reserved 1048576K
}
Event: 166.990 GC heap after
{Heap after GC invocations=2638 (full 4):
 PSYoungGen      total 1536K, used 288K [0x00000000d5580000, 0x00000000d5900000, 0x0000000100000000)
  eden space 1024K, 0% used [0x00000000d5580000,0x00000000d5580000,0x00000000d5680000)
  from space 512K, 56% used [0x00000000d5880000,0x00000000d58c8000,0x00000000d5900000)
  to   space 512K, 0% used [0x00000000d5800000,0x00000000d5800000,0x00000000d5880000)
 ParOldGen       total 631296K, used 256261K [0x0000000080000000, 0x00000000a6880000, 0x00000000d5580000)
  object space 631296K, 40% used [0x0000000080000000,0x000000008fa41540,0x00000000a6880000)
 Metaspace       used 78449K, committed 80064K, reserved 1179648K
  class space    used 8061K, committed 8768K, reserved 1048576K
}
Event: 330.225 GC heap before
{Heap before GC invocations=2639 (full 4):
 PSYoungGen      total 1536K, used 1312K [0x00000000d5580000, 0x00000000d5900000, 0x0000000100000000)
  eden space 1024K, 100% used [0x00000000d5580000,0x00000000d5680000,0x00000000d5680000)
  from space 512K, 56% used [0x00000000d5880000,0x00000000d58c8000,0x00000000d5900000)
  to   space 512K, 0% used [0x00000000d5800000,0x00000000d5800000,0x00000000d5880000)
 ParOldGen       total 631296K, used 256261K [0x0000000080000000, 0x00000000a6880000, 0x00000000d5580000)
  object space 631296K, 40% used [0x0000000080000000,0x000000008fa41540,0x00000000a6880000)
 Metaspace       used 78477K, committed 80064K, reserved 1179648K
  class space    used 8067K, committed 8768K, reserved 1048576K
}
Event: 330.229 GC heap after
{Heap after GC invocations=2639 (full 4):
 PSYoungGen      total 1536K, used 288K [0x00000000d5580000, 0x00000000d5900000, 0x0000000100000000)
  eden space 1024K, 0% used [0x00000000d5580000,0x00000000d5580000,0x00000000d5680000)
  from space 512K, 56% used [0x00000000d5800000,0x00000000d5848000,0x00000000d5880000)
  to   space 512K, 0% used [0x00000000d5880000,0x00000000d5880000,0x00000000d5900000)
 ParOldGen       total 631296K, used 256325K [0x0000000080000000, 0x00000000a6880000, 0x00000000d5580000)
  object space 631296K, 40% used [0x0000000080000000,0x000000008fa51540,0x00000000a6880000)
 Metaspace       used 78477K, committed 80064K, reserved 1179648K
  class space    used 8067K, committed 8768K, reserved 1048576K
}
Event: 330.254 GC heap before
{Heap before GC invocations=2640 (full 4):
 PSYoungGen      total 1536K, used 1312K [0x00000000d5580000, 0x00000000d5900000, 0x0000000100000000)
  eden space 1024K, 100% used [0x00000000d5580000,0x00000000d5680000,0x00000000d5680000)
  from space 512K, 56% used [0x00000000d5800000,0x00000000d5848000,0x00000000d5880000)
  to   space 512K, 0% used [0x00000000d5880000,0x00000000d5880000,0x00000000d5900000)
 ParOldGen       total 631296K, used 256325K [0x0000000080000000, 0x00000000a6880000, 0x00000000d5580000)
  object space 631296K, 40% used [0x0000000080000000,0x000000008fa51540,0x00000000a6880000)
 Metaspace       used 78595K, committed 80192K, reserved 1179648K
  class space    used 8080K, committed 8768K, reserved 1048576K
}
Event: 330.256 GC heap after
{Heap after GC invocations=2640 (full 4):
 PSYoungGen      total 1536K, used 352K [0x00000000d5580000, 0x00000000d5900000, 0x0000000100000000)
  eden space 1024K, 0% used [0x00000000d5580000,0x00000000d5580000,0x00000000d5680000)
  from space 512K, 68% used [0x00000000d5880000,0x00000000d58d8000,0x00000000d5900000)
  to   space 512K, 0% used [0x00000000d5800000,0x00000000d5800000,0x00000000d5880000)
 ParOldGen       total 631296K, used 256413K [0x0000000080000000, 0x00000000a6880000, 0x00000000d5580000)
  object space 631296K, 40% used [0x0000000080000000,0x000000008fa67540,0x00000000a6880000)
 Metaspace       used 78595K, committed 80192K, reserved 1179648K
  class space    used 8080K, committed 8768K, reserved 1048576K
}
Event: 330.273 GC heap before
{Heap before GC invocations=2641 (full 4):
 PSYoungGen      total 1536K, used 1354K [0x00000000d5580000, 0x00000000d5900000, 0x0000000100000000)
  eden space 1024K, 97% used [0x00000000d5580000,0x00000000d567aa40,0x00000000d5680000)
  from space 512K, 68% used [0x00000000d5880000,0x00000000d58d8000,0x00000000d5900000)
  to   space 512K, 0% used [0x00000000d5800000,0x00000000d5800000,0x00000000d5880000)
 ParOldGen       total 631296K, used 256413K [0x0000000080000000, 0x00000000a6880000, 0x00000000d5580000)
  object space 631296K, 40% used [0x0000000080000000,0x000000008fa67540,0x00000000a6880000)
 Metaspace       used 78639K, committed 80320K, reserved 1179648K
  class space    used 8085K, committed 8832K, reserved 1048576K
}
Event: 330.274 GC heap after
{Heap after GC invocations=2641 (full 4):
 PSYoungGen      total 1536K, used 484K [0x00000000d5580000, 0x00000000d5900000, 0x0000000100000000)
  eden space 1024K, 0% used [0x00000000d5580000,0x00000000d5580000,0x00000000d5680000)
  from space 512K, 94% used [0x00000000d5800000,0x00000000d5879020,0x00000000d5880000)
  to   space 512K, 0% used [0x00000000d5880000,0x00000000d5880000,0x00000000d5900000)
 ParOldGen       total 631296K, used 256493K [0x0000000080000000, 0x00000000a6880000, 0x00000000d5580000)
  object space 631296K, 40% used [0x0000000080000000,0x000000008fa7b540,0x00000000a6880000)
 Metaspace       used 78639K, committed 80320K, reserved 1179648K
  class space    used 8085K, committed 8832K, reserved 1048576K
}
Event: 357.033 GC heap before
{Heap before GC invocations=2642 (full 4):
 PSYoungGen      total 1536K, used 1507K [0x00000000d5580000, 0x00000000d5900000, 0x0000000100000000)
  eden space 1024K, 99% used [0x00000000d5580000,0x00000000d567ffd8,0x00000000d5680000)
  from space 512K, 94% used [0x00000000d5800000,0x00000000d5879020,0x00000000d5880000)
  to   space 512K, 0% used [0x00000000d5880000,0x00000000d5880000,0x00000000d5900000)
 ParOldGen       total 631296K, used 256493K [0x0000000080000000, 0x00000000a6880000, 0x00000000d5580000)
  object space 631296K, 40% used [0x0000000080000000,0x000000008fa7b540,0x00000000a6880000)
 Metaspace       used 78676K, committed 80384K, reserved 1179648K
  class space    used 8090K, committed 8832K, reserved 1048576K
}
Event: 357.035 GC heap after
{Heap after GC invocations=2642 (full 4):
 PSYoungGen      total 1536K, used 320K [0x00000000d5580000, 0x00000000d5900000, 0x0000000100000000)
  eden space 1024K, 0% used [0x00000000d5580000,0x00000000d5580000,0x00000000d5680000)
  from space 512K, 62% used [0x00000000d5880000,0x00000000d58d0000,0x00000000d5900000)
  to   space 512K, 0% used [0x00000000d5800000,0x00000000d5800000,0x00000000d5880000)
 ParOldGen       total 631296K, used 256589K [0x0000000080000000, 0x00000000a6880000, 0x00000000d5580000)
  object space 631296K, 40% used [0x0000000080000000,0x000000008fa93540,0x00000000a6880000)
 Metaspace       used 78676K, committed 80384K, reserved 1179648K
  class space    used 8090K, committed 8832K, reserved 1048576K
}
Event: 953.299 GC heap before
{Heap before GC invocations=2643 (full 4):
 PSYoungGen      total 1536K, used 1344K [0x00000000d5580000, 0x00000000d5900000, 0x0000000100000000)
  eden space 1024K, 100% used [0x00000000d5580000,0x00000000d5680000,0x00000000d5680000)
  from space 512K, 62% used [0x00000000d5880000,0x00000000d58d0000,0x00000000d5900000)
  to   space 512K, 0% used [0x00000000d5800000,0x00000000d5800000,0x00000000d5880000)
 ParOldGen       total 631296K, used 256589K [0x0000000080000000, 0x00000000a6880000, 0x00000000d5580000)
  object space 631296K, 40% used [0x0000000080000000,0x000000008fa93540,0x00000000a6880000)
 Metaspace       used 78678K, committed 80384K, reserved 1179648K
  class space    used 8090K, committed 8832K, reserved 1048576K
}
Event: 953.312 GC heap after
{Heap after GC invocations=2643 (full 4):
 PSYoungGen      total 1536K, used 256K [0x00000000d5580000, 0x00000000d5900000, 0x0000000100000000)
  eden space 1024K, 0% used [0x00000000d5580000,0x00000000d5580000,0x00000000d5680000)
  from space 512K, 50% used [0x00000000d5800000,0x00000000d5840000,0x00000000d5880000)
  to   space 512K, 0% used [0x00000000d5880000,0x00000000d5880000,0x00000000d5900000)
 ParOldGen       total 631296K, used 256645K [0x0000000080000000, 0x00000000a6880000, 0x00000000d5580000)
  object space 631296K, 40% used [0x0000000080000000,0x000000008faa1540,0x00000000a6880000)
 Metaspace       used 78678K, committed 80384K, reserved 1179648K
  class space    used 8090K, committed 8832K, reserved 1048576K
}

