# JRE version: OpenJDK Runtime Environment Temurin-21.0.9+10 (21.0.9+10) (build 21.0.9+10-LTS)
# Java VM: OpenJDK 64-Bit Server VM Temurin-21.0.9+10 (21.0.9+10-LTS, mixed mode, sharing, tiered, compressed oops, compressed class ptrs, parallel gc, windows-amd64)
GC Precious Log:
 CardTable entry size: 512
 CPUs: 16 total, 16 available
 Memory: 16108M
 Large Page Support: Disabled
 NUMA Support: Disabled
 Compressed Oops: Enabled (32-bit)
 Alignments: Space 512K, Generation 512K, Heap 2M
 Heap Min Capacity: 100M
 Heap Initial Capacity: 100M
 Heap Max Capacity: 2G
 Pre-touch: Disabled
 Parallel Workers: 13
Heap:
 PSYoungGen      total 7168K, used 3634K [0x00000000d5580000, 0x00000000d6080000, 0x0000000100000000)
  eden space 6144K, 42% used [0x00000000d5580000,0x00000000d580ca90,0x00000000d5b80000)
  from space 1024K, 100% used [0x00000000d5f80000,0x00000000d6080000,0x00000000d6080000)
  to   space 2048K, 0% used [0x00000000d5c80000,0x00000000d5c80000,0x00000000d5e80000)
 ParOldGen       total 1208320K, used 1207973K [0x0000000080000000, 0x00000000c9c00000, 0x00000000d5580000)
  object space 1208320K, 99% used [0x0000000080000000,0x00000000c9ba9400,0x00000000c9c00000)
 Metaspace       used 78588K, committed 80256K, reserved 1179648K
  class space    used 7833K, committed 8576K, reserved 1048576K
GC Heap History (20 events):
Event: 13329.191 GC heap before
{Heap before GC invocations=3451 (full 4):
 PSYoungGen      total 3584K, used 3584K [0x00000000d5580000, 0x00000000d6300000, 0x0000000100000000)
  eden space 3072K, 100% used [0x00000000d5580000,0x00000000d5880000,0x00000000d5880000)
  from space 512K, 100% used [0x00000000d6280000,0x00000000d6300000,0x00000000d6300000)
  to   space 3584K, 0% used [0x00000000d5c00000,0x00000000d5c00000,0x00000000d5f80000)
 ParOldGen       total 1204224K, used 1203795K [0x0000000080000000, 0x00000000c9800000, 0x00000000d5580000)
  object space 1204224K, 99% used [0x0000000080000000,0x00000000c9794c20,0x00000000c9800000)
 Metaspace       used 78498K, committed 80128K, reserved 1179648K
  class space    used 7831K, committed 8576K, reserved 1048576K
}
Event: 13329.192 GC heap after
{Heap after GC invocations=3451 (full 4):
 PSYoungGen      total 7680K, used 602K [0x00000000d5580000, 0x00000000d6300000, 0x0000000100000000)
  eden space 4096K, 0% used [0x00000000d5580000,0x00000000d5580000,0x00000000d5980000)
  from space 3584K, 16% used [0x00000000d5c00000,0x00000000d5c96900,0x00000000d5f80000)
  to   space 1536K, 0% used [0x00000000d6180000,0x00000000d6180000,0x00000000d6300000)
 ParOldGen       total 1204736K, used 1204351K [0x0000000080000000, 0x00000000c9880000, 0x00000000d5580000)
  object space 1204736K, 99% used [0x0000000080000000,0x00000000c981fc30,0x00000000c9880000)
 Metaspace       used 78498K, committed 80128K, reserved 1179648K
  class space    used 7831K, committed 8576K, reserved 1048576K
}
Event: 13329.198 GC heap before
{Heap before GC invocations=3452 (full 4):
 PSYoungGen      total 7680K, used 4698K [0x00000000d5580000, 0x00000000d6300000, 0x0000000100000000)
  eden space 4096K, 100% used [0x00000000d5580000,0x00000000d5980000,0x00000000d5980000)
  from space 3584K, 16% used [0x00000000d5c00000,0x00000000d5c96900,0x00000000d5f80000)
  to   space 1536K, 0% used [0x00000000d6180000,0x00000000d6180000,0x00000000d6300000)
 ParOldGen       total 1204736K, used 1204351K [0x0000000080000000, 0x00000000c9880000, 0x00000000d5580000)
  object space 1204736K, 99% used [0x0000000080000000,0x00000000c981fc30,0x00000000c9880000)
 Metaspace       used 78498K, committed 80128K, reserved 1179648K
  class space    used 7831K, committed 8576K, reserved 1048576K
}
Event: 13329.199 GC heap after
{Heap after GC invocations=3452 (full 4):
 PSYoungGen      total 5632K, used 416K [0x00000000d5580000, 0x00000000d6200000, 0x0000000100000000)
  eden space 5120K, 0% used [0x00000000d5580000,0x00000000d5580000,0x00000000d5a80000)
  from space 512K, 81% used [0x00000000d6180000,0x00000000d61e8000,0x00000000d6200000)
  to   space 1024K, 0% used [0x00000000d6000000,0x00000000d6000000,0x00000000d6100000)
 ParOldGen       total 1205248K, used 1204835K [0x0000000080000000, 0x00000000c9900000, 0x00000000d5580000)
  object space 1205248K, 99% used [0x0000000080000000,0x00000000c9898e40,0x00000000c9900000)
 Metaspace       used 78498K, committed 80128K, reserved 1179648K
  class space    used 7831K, committed 8576K, reserved 1048576K
}
Event: 13329.207 GC heap before
{Heap before GC invocations=3453 (full 4):
 PSYoungGen      total 5632K, used 5536K [0x00000000d5580000, 0x00000000d6200000, 0x0000000100000000)
  eden space 5120K, 100% used [0x00000000d5580000,0x00000000d5a80000,0x00000000d5a80000)
  from space 512K, 81% used [0x00000000d6180000,0x00000000d61e8000,0x00000000d6200000)
  to   space 1024K, 0% used [0x00000000d6000000,0x00000000d6000000,0x00000000d6100000)
 ParOldGen       total 1205248K, used 1204835K [0x0000000080000000, 0x00000000c9900000, 0x00000000d5580000)
  object space 1205248K, 99% used [0x0000000080000000,0x00000000c9898e40,0x00000000c9900000)
 Metaspace       used 78500K, committed 80128K, reserved 1179648K
  class space    used 7831K, committed 8576K, reserved 1048576K
}
Event: 13329.208 GC heap after
{Heap after GC invocations=3453 (full 4):
 PSYoungGen      total 7168K, used 868K [0x00000000d5580000, 0x00000000d6200000, 0x0000000100000000)
  eden space 6144K, 0% used [0x00000000d5580000,0x00000000d5580000,0x00000000d5b80000)
  from space 1024K, 84% used [0x00000000d6000000,0x00000000d60d9210,0x00000000d6100000)
  to   space 1024K, 0% used [0x00000000d6100000,0x00000000d6100000,0x00000000d6200000)
 ParOldGen       total 1205248K, used 1205003K [0x0000000080000000, 0x00000000c9900000, 0x00000000d5580000)
  object space 1205248K, 99% used [0x0000000080000000,0x00000000c98c2e40,0x00000000c9900000)
 Metaspace       used 78500K, committed 80128K, reserved 1179648K
  class space    used 7831K, committed 8576K, reserved 1048576K
}
Event: 13332.056 GC heap before
{Heap before GC invocations=3454 (full 4):
 PSYoungGen      total 7168K, used 7012K [0x00000000d5580000, 0x00000000d6200000, 0x0000000100000000)
  eden space 6144K, 100% used [0x00000000d5580000,0x00000000d5b80000,0x00000000d5b80000)
  from space 1024K, 84% used [0x00000000d6000000,0x00000000d60d9210,0x00000000d6100000)
  to   space 1024K, 0% used [0x00000000d6100000,0x00000000d6100000,0x00000000d6200000)
 ParOldGen       total 1205248K, used 1205003K [0x0000000080000000, 0x00000000c9900000, 0x00000000d5580000)
  object space 1205248K, 99% used [0x0000000080000000,0x00000000c98c2e40,0x00000000c9900000)
 Metaspace       used 78510K, committed 80128K, reserved 1179648K
  class space    used 7831K, committed 8576K, reserved 1048576K
}
Event: 13332.059 GC heap after
{Heap after GC invocations=3454 (full 4):
 PSYoungGen      total 6656K, used 320K [0x00000000d5580000, 0x00000000d6180000, 0x0000000100000000)
  eden space 6144K, 0% used [0x00000000d5580000,0x00000000d5580000,0x00000000d5b80000)
  from space 512K, 62% used [0x00000000d6100000,0x00000000d6150000,0x00000000d6180000)
  to   space 1024K, 0% used [0x00000000d5f80000,0x00000000d5f80000,0x00000000d6080000)
 ParOldGen       total 1205760K, used 1205339K [0x0000000080000000, 0x00000000c9980000, 0x00000000d5580000)
  object space 1205760K, 99% used [0x0000000080000000,0x00000000c9916e40,0x00000000c9980000)
 Metaspace       used 78510K, committed 80128K, reserved 1179648K
  class space    used 7831K, committed 8576K, reserved 1048576K
}
Event: 13332.270 GC heap before
{Heap before GC invocations=3455 (full 4):
 PSYoungGen      total 6656K, used 6464K [0x00000000d5580000, 0x00000000d6180000, 0x0000000100000000)
  eden space 6144K, 100% used [0x00000000d5580000,0x00000000d5b80000,0x00000000d5b80000)
  from space 512K, 62% used [0x00000000d6100000,0x00000000d6150000,0x00000000d6180000)
  to   space 1024K, 0% used [0x00000000d5f80000,0x00000000d5f80000,0x00000000d6080000)
 ParOldGen       total 1205760K, used 1205339K [0x0000000080000000, 0x00000000c9980000, 0x00000000d5580000)
  object space 1205760K, 99% used [0x0000000080000000,0x00000000c9916e40,0x00000000c9980000)
 Metaspace       used 78513K, committed 80128K, reserved 1179648K
  class space    used 7831K, committed 8576K, reserved 1048576K
}
Event: 13332.271 GC heap after
{Heap after GC invocations=3455 (full 4):
 PSYoungGen      total 7168K, used 436K [0x00000000d5580000, 0x00000000d6180000, 0x0000000100000000)
  eden space 6144K, 0% used [0x00000000d5580000,0x00000000d5580000,0x00000000d5b80000)
  from space 1024K, 42% used [0x00000000d5f80000,0x00000000d5fed200,0x00000000d6080000)
  to   space 512K, 0% used [0x00000000d6100000,0x00000000d6100000,0x00000000d6180000)
 ParOldGen       total 1205760K, used 1205395K [0x0000000080000000, 0x00000000c9980000, 0x00000000d5580000)
  object space 1205760K, 99% used [0x0000000080000000,0x00000000c9924e40,0x00000000c9980000)
 Metaspace       used 78513K, committed 80128K, reserved 1179648K
  class space    used 7831K, committed 8576K, reserved 1048576K
}
Event: 13332.281 GC heap before
{Heap before GC invocations=3456 (full 4):
 PSYoungGen      total 7168K, used 6580K [0x00000000d5580000, 0x00000000d6180000, 0x0000000100000000)
  eden space 6144K, 100% used [0x00000000d5580000,0x00000000d5b80000,0x00000000d5b80000)
  from space 1024K, 42% used [0x00000000d5f80000,0x00000000d5fed200,0x00000000d6080000)
  to   space 512K, 0% used [0x00000000d6100000,0x00000000d6100000,0x00000000d6180000)
 ParOldGen       total 1205760K, used 1205395K [0x0000000080000000, 0x00000000c9980000, 0x00000000d5580000)
  object space 1205760K, 99% used [0x0000000080000000,0x00000000c9924e40,0x00000000c9980000)
 Metaspace       used 78513K, committed 80128K, reserved 1179648K
  class space    used 7831K, committed 8576K, reserved 1048576K
}
Event: 13332.283 GC heap after
{Heap after GC invocations=3456 (full 4):
 PSYoungGen      total 6656K, used 512K [0x00000000d5580000, 0x00000000d6180000, 0x0000000100000000)
  eden space 6144K, 0% used [0x00000000d5580000,0x00000000d5580000,0x00000000d5b80000)
  from space 512K, 100% used [0x00000000d6100000,0x00000000d6180000,0x00000000d6180000)
  to   space 1536K, 0% used [0x00000000d5e80000,0x00000000d5e80000,0x00000000d6000000)
 ParOldGen       total 1206272K, used 1206034K [0x0000000080000000, 0x00000000c9a00000, 0x00000000d5580000)
  object space 1206272K, 99% used [0x0000000080000000,0x00000000c99c4b20,0x00000000c9a00000)
 Metaspace       used 78513K, committed 80128K, reserved 1179648K
  class space    used 7831K, committed 8576K, reserved 1048576K
}
Event: 13333.336 GC heap before
{Heap before GC invocations=3457 (full 4):
 PSYoungGen      total 6656K, used 6655K [0x00000000d5580000, 0x00000000d6180000, 0x0000000100000000)
  eden space 6144K, 99% used [0x00000000d5580000,0x00000000d5b7fff0,0x00000000d5b80000)
  from space 512K, 100% used [0x00000000d6100000,0x00000000d6180000,0x00000000d6180000)
  to   space 1536K, 0% used [0x00000000d5e80000,0x00000000d5e80000,0x00000000d6000000)
 ParOldGen       total 1206272K, used 1206034K [0x0000000080000000, 0x00000000c9a00000, 0x00000000d5580000)
  object space 1206272K, 99% used [0x0000000080000000,0x00000000c99c4b20,0x00000000c9a00000)
 Metaspace       used 78555K, committed 80128K, reserved 1179648K
  class space    used 7833K, committed 8576K, reserved 1048576K
}
Event: 13333.338 GC heap after
{Heap after GC invocations=3457 (full 4):
 PSYoungGen      total 7680K, used 1088K [0x00000000d5580000, 0x00000000d6180000, 0x0000000100000000)
  eden space 6144K, 0% used [0x00000000d5580000,0x00000000d5580000,0x00000000d5b80000)
  from space 1536K, 70% used [0x00000000d5e80000,0x00000000d5f90000,0x00000000d6000000)
  to   space 1536K, 0% used [0x00000000d6000000,0x00000000d6000000,0x00000000d6180000)
 ParOldGen       total 1206784K, used 1206562K [0x0000000080000000, 0x00000000c9a80000, 0x00000000d5580000)
  object space 1206784K, 99% used [0x0000000080000000,0x00000000c9a48b30,0x00000000c9a80000)
 Metaspace       used 78555K, committed 80128K, reserved 1179648K
  class space    used 7833K, committed 8576K, reserved 1048576K
}
Event: 13333.506 GC heap before
{Heap before GC invocations=3458 (full 4):
 PSYoungGen      total 7680K, used 7232K [0x00000000d5580000, 0x00000000d6180000, 0x0000000100000000)
  eden space 6144K, 100% used [0x00000000d5580000,0x00000000d5b80000,0x00000000d5b80000)
  from space 1536K, 70% used [0x00000000d5e80000,0x00000000d5f90000,0x00000000d6000000)
  to   space 1536K, 0% used [0x00000000d6000000,0x00000000d6000000,0x00000000d6180000)
 ParOldGen       total 1206784K, used 1206562K [0x0000000080000000, 0x00000000c9a80000, 0x00000000d5580000)
  object space 1206784K, 99% used [0x0000000080000000,0x00000000c9a48b30,0x00000000c9a80000)
 Metaspace       used 78558K, committed 80128K, reserved 1179648K
  class space    used 7833K, committed 8576K, reserved 1048576K
}
Event: 13333.507 GC heap after
{Heap after GC invocations=3458 (full 4):
 PSYoungGen      total 7168K, used 1018K [0x00000000d5580000, 0x00000000d6100000, 0x0000000100000000)
  eden space 6144K, 0% used [0x00000000d5580000,0x00000000d5580000,0x00000000d5b80000)
  from space 1024K, 99% used [0x00000000d6000000,0x00000000d60fe900,0x00000000d6100000)
  to   space 1536K, 0% used [0x00000000d5e00000,0x00000000d5e00000,0x00000000d5f80000)
 ParOldGen       total 1207808K, used 1207461K [0x0000000080000000, 0x00000000c9b80000, 0x00000000d5580000)
  object space 1207808K, 99% used [0x0000000080000000,0x00000000c9b29730,0x00000000c9b80000)
 Metaspace       used 78558K, committed 80128K, reserved 1179648K
  class space    used 7833K, committed 8576K, reserved 1048576K
}
Event: 13333.524 GC heap before
{Heap before GC invocations=3459 (full 4):
 PSYoungGen      total 7168K, used 7162K [0x00000000d5580000, 0x00000000d6100000, 0x0000000100000000)
  eden space 6144K, 100% used [0x00000000d5580000,0x00000000d5b80000,0x00000000d5b80000)
  from space 1024K, 99% used [0x00000000d6000000,0x00000000d60fe900,0x00000000d6100000)
  to   space 1536K, 0% used [0x00000000d5e00000,0x00000000d5e00000,0x00000000d5f80000)
 ParOldGen       total 1207808K, used 1207461K [0x0000000080000000, 0x00000000c9b80000, 0x00000000d5580000)
  object space 1207808K, 99% used [0x0000000080000000,0x00000000c9b29730,0x00000000c9b80000)
 Metaspace       used 78569K, committed 80128K, reserved 1179648K
  class space    used 7833K, committed 8576K, reserved 1048576K
}
Event: 13333.525 GC heap after
{Heap after GC invocations=3459 (full 4):
 PSYoungGen      total 7680K, used 528K [0x00000000d5580000, 0x00000000d6080000, 0x0000000100000000)
  eden space 6144K, 0% used [0x00000000d5580000,0x00000000d5580000,0x00000000d5b80000)
  from space 1536K, 34% used [0x00000000d5e00000,0x00000000d5e84010,0x00000000d5f80000)
  to   space 1024K, 0% used [0x00000000d5f80000,0x00000000d5f80000,0x00000000d6080000)
 ParOldGen       total 1207808K, used 1207533K [0x0000000080000000, 0x00000000c9b80000, 0x00000000d5580000)
  object space 1207808K, 99% used [0x0000000080000000,0x00000000c9b3b730,0x00000000c9b80000)
 Metaspace       used 78569K, committed 80128K, reserved 1179648K
  class space    used 7833K, committed 8576K, reserved 1048576K
}
Event: 13333.538 GC heap before
{Heap before GC invocations=3460 (full 4):
 PSYoungGen      total 7680K, used 6672K [0x00000000d5580000, 0x00000000d6080000, 0x0000000100000000)
  eden space 6144K, 100% used [0x00000000d5580000,0x00000000d5b80000,0x00000000d5b80000)
  from space 1536K, 34% used [0x00000000d5e00000,0x00000000d5e84010,0x00000000d5f80000)
  to   space 1024K, 0% used [0x00000000d5f80000,0x00000000d5f80000,0x00000000d6080000)
 ParOldGen       total 1207808K, used 1207533K [0x0000000080000000, 0x00000000c9b80000, 0x00000000d5580000)
  object space 1207808K, 99% used [0x0000000080000000,0x00000000c9b3b730,0x00000000c9b80000)
 Metaspace       used 78581K, committed 80192K, reserved 1179648K
  class space    used 7833K, committed 8576K, reserved 1048576K
}
Event: 13333.540 GC heap after
{Heap after GC invocations=3460 (full 4):
 PSYoungGen      total 7168K, used 1024K [0x00000000d5580000, 0x00000000d6080000, 0x0000000100000000)
  eden space 6144K, 0% used [0x00000000d5580000,0x00000000d5580000,0x00000000d5b80000)
  from space 1024K, 100% used [0x00000000d5f80000,0x00000000d6080000,0x00000000d6080000)
  to   space 2048K, 0% used [0x00000000d5c80000,0x00000000d5c80000,0x00000000d5e80000)
 ParOldGen       total 1208320K, used 1207973K [0x0000000080000000, 0x00000000c9c00000, 0x00000000d5580000)
  object space 1208320K, 99% used [0x0000000080000000,0x00000000c9ba9400,0x00000000c9c00000)
 Metaspace       used 78581K, committed 80192K, reserved 1179648K
  class space    used 7833K, committed 8576K, reserved 1048576K
}

