# JRE version: OpenJDK Runtime Environment Temurin-21.0.9+10 (21.0.9+10) (build 21.0.9+10-LTS)
# Java VM: OpenJDK 64-Bit Server VM Temurin-21.0.9+10 (21.0.9+10-LTS, mixed mode, sharing, tiered, compressed oops, compressed class ptrs, parallel gc, windows-amd64)
GC Precious Log:
 CardTable entry size: 512
 CPUs: 16 total, 16 available
 Memory: 16108M
 Large Page Support: Disabled
 NUMA Support: Disabled
 Compressed Oops: Enabled (32-bit)
 Alignments: Space 512K, Generation 512K, Heap 2M
 Heap Min Capacity: 100M
 Heap Initial Capacity: 100M
 Heap Max Capacity: 2G
 Pre-touch: Disabled
 Parallel Workers: 13
Heap:
 PSYoungGen      total 17920K, used 10213K [0x00000000d5580000, 0x00000000d7200000, 0x0000000100000000)
  eden space 15872K, 51% used [0x00000000d5580000,0x00000000d5d7bf60,0x00000000d6500000)
  from space 2048K, 99% used [0x00000000d6500000,0x00000000d66fd770,0x00000000d6700000)
  to   space 6656K, 0% used [0x00000000d6b80000,0x00000000d6b80000,0x00000000d7200000)
 ParOldGen       total 82944K, used 82918K [0x0000000080000000, 0x0000000085100000, 0x00000000d5580000)
  object space 82944K, 99% used [0x0000000080000000,0x00000000850f9b80,0x0000000085100000)
 Metaspace       used 55543K, committed 56896K, reserved 1114112K
  class space    used 5946K, committed 6528K, reserved 1048576K
GC Heap History (20 events):
Event: 5.829 GC heap before
{Heap before GC invocations=42 (full 2):
 PSYoungGen      total 22528K, used 22498K [0x00000000d5580000, 0x00000000d6d80000, 0x0000000100000000)
  eden space 20480K, 100% used [0x00000000d5580000,0x00000000d6980000,0x00000000d6980000)
  from space 2048K, 98% used [0x00000000d6980000,0x00000000d6b789b8,0x00000000d6b80000)
  to   space 2048K, 0% used [0x00000000d6b80000,0x00000000d6b80000,0x00000000d6d80000)
 ParOldGen       total 68608K, used 61656K [0x0000000080000000, 0x0000000084300000, 0x00000000d5580000)
  object space 68608K, 89% used [0x0000000080000000,0x0000000083c360a8,0x0000000084300000)
 Metaspace       used 53968K, committed 55296K, reserved 1114112K
  class space    used 5792K, committed 6336K, reserved 1048576K
}
Event: 5.834 GC heap after
{Heap after GC invocations=42 (full 2):
 PSYoungGen      total 20480K, used 2016K [0x00000000d5580000, 0x00000000d7180000, 0x0000000100000000)
  eden space 18432K, 0% used [0x00000000d5580000,0x00000000d5580000,0x00000000d6780000)
  from space 2048K, 98% used [0x00000000d6b80000,0x00000000d6d78010,0x00000000d6d80000)
  to   space 4096K, 0% used [0x00000000d6780000,0x00000000d6780000,0x00000000d6b80000)
 ParOldGen       total 68608K, used 63394K [0x0000000080000000, 0x0000000084300000, 0x00000000d5580000)
  object space 68608K, 92% used [0x0000000080000000,0x0000000083de88d8,0x0000000084300000)
 Metaspace       used 53968K, committed 55296K, reserved 1114112K
  class space    used 5792K, committed 6336K, reserved 1048576K
}
Event: 6.452 GC heap before
{Heap before GC invocations=43 (full 2):
 PSYoungGen      total 20480K, used 20448K [0x00000000d5580000, 0x00000000d7180000, 0x0000000100000000)
  eden space 18432K, 100% used [0x00000000d5580000,0x00000000d6780000,0x00000000d6780000)
  from space 2048K, 98% used [0x00000000d6b80000,0x00000000d6d78010,0x00000000d6d80000)
  to   space 4096K, 0% used [0x00000000d6780000,0x00000000d6780000,0x00000000d6b80000)
 ParOldGen       total 68608K, used 63394K [0x0000000080000000, 0x0000000084300000, 0x00000000d5580000)
  object space 68608K, 92% used [0x0000000080000000,0x0000000083de88d8,0x0000000084300000)
 Metaspace       used 55363K, committed 56768K, reserved 1114112K
  class space    used 5938K, committed 6528K, reserved 1048576K
}
Event: 6.454 GC heap after
{Heap after GC invocations=43 (full 2):
 PSYoungGen      total 20992K, used 2240K [0x00000000d5580000, 0x00000000d6d80000, 0x0000000100000000)
  eden space 18432K, 0% used [0x00000000d5580000,0x00000000d5580000,0x00000000d6780000)
  from space 2560K, 87% used [0x00000000d6780000,0x00000000d69b0000,0x00000000d6a00000)
  to   space 3072K, 0% used [0x00000000d6a80000,0x00000000d6a80000,0x00000000d6d80000)
 ParOldGen       total 68608K, used 65243K [0x0000000080000000, 0x0000000084300000, 0x00000000d5580000)
  object space 68608K, 95% used [0x0000000080000000,0x0000000083fb6fa8,0x0000000084300000)
 Metaspace       used 55363K, committed 56768K, reserved 1114112K
  class space    used 5938K, committed 6528K, reserved 1048576K
}
Event: 6.926 GC heap before
{Heap before GC invocations=44 (full 2):
 PSYoungGen      total 20992K, used 20672K [0x00000000d5580000, 0x00000000d6d80000, 0x0000000100000000)
  eden space 18432K, 100% used [0x00000000d5580000,0x00000000d6780000,0x00000000d6780000)
  from space 2560K, 87% used [0x00000000d6780000,0x00000000d69b0000,0x00000000d6a00000)
  to   space 3072K, 0% used [0x00000000d6a80000,0x00000000d6a80000,0x00000000d6d80000)
 ParOldGen       total 68608K, used 65243K [0x0000000080000000, 0x0000000084300000, 0x00000000d5580000)
  object space 68608K, 95% used [0x0000000080000000,0x0000000083fb6fa8,0x0000000084300000)
 Metaspace       used 55408K, committed 56768K, reserved 1114112K
  class space    used 5938K, committed 6528K, reserved 1048576K
}
Event: 6.928 GC heap after
{Heap after GC invocations=44 (full 2):
 PSYoungGen      total 20992K, used 2208K [0x00000000d5580000, 0x00000000d6d00000, 0x0000000100000000)
  eden space 18432K, 0% used [0x00000000d5580000,0x00000000d5580000,0x00000000d6780000)
  from space 2560K, 86% used [0x00000000d6a80000,0x00000000d6ca8000,0x00000000d6d00000)
  to   space 2560K, 0% used [0x00000000d6780000,0x00000000d6780000,0x00000000d6a00000)
 ParOldGen       total 68608K, used 67134K [0x0000000080000000, 0x0000000084300000, 0x00000000d5580000)
  object space 68608K, 97% used [0x0000000080000000,0x000000008418fbb0,0x0000000084300000)
 Metaspace       used 55408K, committed 56768K, reserved 1114112K
  class space    used 5938K, committed 6528K, reserved 1048576K
}
Event: 7.003 GC heap before
{Heap before GC invocations=45 (full 2):
 PSYoungGen      total 20992K, used 20640K [0x00000000d5580000, 0x00000000d6d00000, 0x0000000100000000)
  eden space 18432K, 100% used [0x00000000d5580000,0x00000000d6780000,0x00000000d6780000)
  from space 2560K, 86% used [0x00000000d6a80000,0x00000000d6ca8000,0x00000000d6d00000)
  to   space 2560K, 0% used [0x00000000d6780000,0x00000000d6780000,0x00000000d6a00000)
 ParOldGen       total 68608K, used 67134K [0x0000000080000000, 0x0000000084300000, 0x00000000d5580000)
  object space 68608K, 97% used [0x0000000080000000,0x000000008418fbb0,0x0000000084300000)
 Metaspace       used 55419K, committed 56768K, reserved 1114112K
  class space    used 5939K, committed 6528K, reserved 1048576K
}
Event: 7.004 GC heap after
{Heap after GC invocations=45 (full 2):
 PSYoungGen      total 20992K, used 2336K [0x00000000d5580000, 0x00000000d6c80000, 0x0000000100000000)
  eden space 18432K, 0% used [0x00000000d5580000,0x00000000d5580000,0x00000000d6780000)
  from space 2560K, 91% used [0x00000000d6780000,0x00000000d69c8000,0x00000000d6a00000)
  to   space 2560K, 0% used [0x00000000d6a00000,0x00000000d6a00000,0x00000000d6c80000)
 ParOldGen       total 69632K, used 69166K [0x0000000080000000, 0x0000000084400000, 0x00000000d5580000)
  object space 69632K, 99% used [0x0000000080000000,0x000000008438bbc0,0x0000000084400000)
 Metaspace       used 55419K, committed 56768K, reserved 1114112K
  class space    used 5939K, committed 6528K, reserved 1048576K
}
Event: 7.057 GC heap before
{Heap before GC invocations=46 (full 2):
 PSYoungGen      total 20992K, used 20768K [0x00000000d5580000, 0x00000000d6c80000, 0x0000000100000000)
  eden space 18432K, 100% used [0x00000000d5580000,0x00000000d6780000,0x00000000d6780000)
  from space 2560K, 91% used [0x00000000d6780000,0x00000000d69c8000,0x00000000d6a00000)
  to   space 2560K, 0% used [0x00000000d6a00000,0x00000000d6a00000,0x00000000d6c80000)
 ParOldGen       total 69632K, used 69166K [0x0000000080000000, 0x0000000084400000, 0x00000000d5580000)
  object space 69632K, 99% used [0x0000000080000000,0x000000008438bbc0,0x0000000084400000)
 Metaspace       used 55420K, committed 56768K, reserved 1114112K
  class space    used 5939K, committed 6528K, reserved 1048576K
}
Event: 7.058 GC heap after
{Heap after GC invocations=46 (full 2):
 PSYoungGen      total 20992K, used 2269K [0x00000000d5580000, 0x00000000d6c80000, 0x0000000100000000)
  eden space 18432K, 0% used [0x00000000d5580000,0x00000000d5580000,0x00000000d6780000)
  from space 2560K, 88% used [0x00000000d6a00000,0x00000000d6c37430,0x00000000d6c80000)
  to   space 2560K, 0% used [0x00000000d6780000,0x00000000d6780000,0x00000000d6a00000)
 ParOldGen       total 71680K, used 71294K [0x0000000080000000, 0x0000000084600000, 0x00000000d5580000)
  object space 71680K, 99% used [0x0000000080000000,0x000000008459fbc0,0x0000000084600000)
 Metaspace       used 55420K, committed 56768K, reserved 1114112K
  class space    used 5939K, committed 6528K, reserved 1048576K
}
Event: 7.104 GC heap before
{Heap before GC invocations=47 (full 2):
 PSYoungGen      total 20992K, used 20701K [0x00000000d5580000, 0x00000000d6c80000, 0x0000000100000000)
  eden space 18432K, 100% used [0x00000000d5580000,0x00000000d6780000,0x00000000d6780000)
  from space 2560K, 88% used [0x00000000d6a00000,0x00000000d6c37430,0x00000000d6c80000)
  to   space 2560K, 0% used [0x00000000d6780000,0x00000000d6780000,0x00000000d6a00000)
 ParOldGen       total 71680K, used 71294K [0x0000000080000000, 0x0000000084600000, 0x00000000d5580000)
  object space 71680K, 99% used [0x0000000080000000,0x000000008459fbc0,0x0000000084600000)
 Metaspace       used 55435K, committed 56768K, reserved 1114112K
  class space    used 5939K, committed 6528K, reserved 1048576K
}
Event: 7.106 GC heap after
{Heap after GC invocations=47 (full 2):
 PSYoungGen      total 20992K, used 2144K [0x00000000d5580000, 0x00000000d6c80000, 0x0000000100000000)
  eden space 18432K, 0% used [0x00000000d5580000,0x00000000d5580000,0x00000000d6780000)
  from space 2560K, 83% used [0x00000000d6780000,0x00000000d6998000,0x00000000d6a00000)
  to   space 2560K, 0% used [0x00000000d6a00000,0x00000000d6a00000,0x00000000d6c80000)
 ParOldGen       total 73728K, used 73318K [0x0000000080000000, 0x0000000084800000, 0x00000000d5580000)
  object space 73728K, 99% used [0x0000000080000000,0x0000000084799bc0,0x0000000084800000)
 Metaspace       used 55435K, committed 56768K, reserved 1114112K
  class space    used 5939K, committed 6528K, reserved 1048576K
}
Event: 7.224 GC heap before
{Heap before GC invocations=48 (full 2):
 PSYoungGen      total 20992K, used 20576K [0x00000000d5580000, 0x00000000d6c80000, 0x0000000100000000)
  eden space 18432K, 100% used [0x00000000d5580000,0x00000000d6780000,0x00000000d6780000)
  from space 2560K, 83% used [0x00000000d6780000,0x00000000d6998000,0x00000000d6a00000)
  to   space 2560K, 0% used [0x00000000d6a00000,0x00000000d6a00000,0x00000000d6c80000)
 ParOldGen       total 73728K, used 73318K [0x0000000080000000, 0x0000000084800000, 0x00000000d5580000)
  object space 73728K, 99% used [0x0000000080000000,0x0000000084799bc0,0x0000000084800000)
 Metaspace       used 55454K, committed 56832K, reserved 1114112K
  class space    used 5943K, committed 6528K, reserved 1048576K
}
Event: 7.227 GC heap after
{Heap after GC invocations=48 (full 2):
 PSYoungGen      total 18432K, used 2528K [0x00000000d5580000, 0x00000000d7180000, 0x0000000100000000)
  eden space 15872K, 0% used [0x00000000d5580000,0x00000000d5580000,0x00000000d6500000)
  from space 2560K, 98% used [0x00000000d6a00000,0x00000000d6c78008,0x00000000d6c80000)
  to   space 5120K, 0% used [0x00000000d6500000,0x00000000d6500000,0x00000000d6a00000)
 ParOldGen       total 75776K, used 75334K [0x0000000080000000, 0x0000000084a00000, 0x00000000d5580000)
  object space 75776K, 99% used [0x0000000080000000,0x0000000084991bc0,0x0000000084a00000)
 Metaspace       used 55454K, committed 56832K, reserved 1114112K
  class space    used 5943K, committed 6528K, reserved 1048576K
}
Event: 7.274 GC heap before
{Heap before GC invocations=49 (full 2):
 PSYoungGen      total 18432K, used 18400K [0x00000000d5580000, 0x00000000d7180000, 0x0000000100000000)
  eden space 15872K, 100% used [0x00000000d5580000,0x00000000d6500000,0x00000000d6500000)
  from space 2560K, 98% used [0x00000000d6a00000,0x00000000d6c78008,0x00000000d6c80000)
  to   space 5120K, 0% used [0x00000000d6500000,0x00000000d6500000,0x00000000d6a00000)
 ParOldGen       total 75776K, used 75334K [0x0000000080000000, 0x0000000084a00000, 0x00000000d5580000)
  object space 75776K, 99% used [0x0000000080000000,0x0000000084991bc0,0x0000000084a00000)
 Metaspace       used 55466K, committed 56832K, reserved 1114112K
  class space    used 5943K, committed 6528K, reserved 1048576K
}
Event: 7.278 GC heap after
{Heap after GC invocations=49 (full 2):
 PSYoungGen      total 17920K, used 1792K [0x00000000d5580000, 0x00000000d6b00000, 0x0000000100000000)
  eden space 15872K, 0% used [0x00000000d5580000,0x00000000d5580000,0x00000000d6500000)
  from space 2048K, 87% used [0x00000000d6500000,0x00000000d66c0000,0x00000000d6700000)
  to   space 3072K, 0% used [0x00000000d6800000,0x00000000d6800000,0x00000000d6b00000)
 ParOldGen       total 78336K, used 77822K [0x0000000080000000, 0x0000000084c80000, 0x00000000d5580000)
  object space 78336K, 99% used [0x0000000080000000,0x0000000084bffbc8,0x0000000084c80000)
 Metaspace       used 55466K, committed 56832K, reserved 1114112K
  class space    used 5943K, committed 6528K, reserved 1048576K
}
Event: 7.322 GC heap before
{Heap before GC invocations=50 (full 2):
 PSYoungGen      total 17920K, used 17664K [0x00000000d5580000, 0x00000000d6b00000, 0x0000000100000000)
  eden space 15872K, 100% used [0x00000000d5580000,0x00000000d6500000,0x00000000d6500000)
  from space 2048K, 87% used [0x00000000d6500000,0x00000000d66c0000,0x00000000d6700000)
  to   space 3072K, 0% used [0x00000000d6800000,0x00000000d6800000,0x00000000d6b00000)
 ParOldGen       total 78336K, used 77822K [0x0000000080000000, 0x0000000084c80000, 0x00000000d5580000)
  object space 78336K, 99% used [0x0000000080000000,0x0000000084bffbc8,0x0000000084c80000)
 Metaspace       used 55473K, committed 56832K, reserved 1114112K
  class space    used 5943K, committed 6528K, reserved 1048576K
}
Event: 7.323 GC heap after
{Heap after GC invocations=50 (full 2):
 PSYoungGen      total 17920K, used 1856K [0x00000000d5580000, 0x00000000d6a00000, 0x0000000100000000)
  eden space 15872K, 0% used [0x00000000d5580000,0x00000000d5580000,0x00000000d6500000)
  from space 2048K, 90% used [0x00000000d6800000,0x00000000d69d0000,0x00000000d6a00000)
  to   space 2048K, 0% used [0x00000000d6500000,0x00000000d6500000,0x00000000d6700000)
 ParOldGen       total 79872K, used 79406K [0x0000000080000000, 0x0000000084e00000, 0x00000000d5580000)
  object space 79872K, 99% used [0x0000000080000000,0x0000000084d8bbc8,0x0000000084e00000)
 Metaspace       used 55473K, committed 56832K, reserved 1114112K
  class space    used 5943K, committed 6528K, reserved 1048576K
}
Event: 7.783 GC heap before
{Heap before GC invocations=51 (full 2):
 PSYoungGen      total 17920K, used 17717K [0x00000000d5580000, 0x00000000d6a00000, 0x0000000100000000)
  eden space 15872K, 99% used [0x00000000d5580000,0x00000000d64fd460,0x00000000d6500000)
  from space 2048K, 90% used [0x00000000d6800000,0x00000000d69d0000,0x00000000d6a00000)
  to   space 2048K, 0% used [0x00000000d6500000,0x00000000d6500000,0x00000000d6700000)
 ParOldGen       total 79872K, used 79406K [0x0000000080000000, 0x0000000084e00000, 0x00000000d5580000)
  object space 79872K, 99% used [0x0000000080000000,0x0000000084d8bbc8,0x0000000084e00000)
 Metaspace       used 55505K, committed 56896K, reserved 1114112K
  class space    used 5944K, committed 6528K, reserved 1048576K
}
Event: 7.786 GC heap after
{Heap after GC invocations=51 (full 2):
 PSYoungGen      total 17920K, used 2037K [0x00000000d5580000, 0x00000000d7200000, 0x0000000100000000)
  eden space 15872K, 0% used [0x00000000d5580000,0x00000000d5580000,0x00000000d6500000)
  from space 2048K, 99% used [0x00000000d6500000,0x00000000d66fd770,0x00000000d6700000)
  to   space 6656K, 0% used [0x00000000d6b80000,0x00000000d6b80000,0x00000000d7200000)
 ParOldGen       total 82944K, used 82918K [0x0000000080000000, 0x0000000085100000, 0x00000000d5580000)
  object space 82944K, 99% used [0x0000000080000000,0x00000000850f9b80,0x0000000085100000)
 Metaspace       used 55505K, committed 56896K, reserved 1114112K
  class space    used 5944K, committed 6528K, reserved 1048576K
}

