# JRE version: OpenJDK Runtime Environment Temurin-21.0.9+10 (21.0.9+10) (build 21.0.9+10-LTS)
# Java VM: OpenJDK 64-Bit Server VM Temurin-21.0.9+10 (21.0.9+10-LTS, mixed mode, sharing, tiered, compressed oops, compressed class ptrs, parallel gc, windows-amd64)
GC Precious Log:
 CardTable entry size: 512
 CPUs: 16 total, 16 available
 Memory: 16108M
 Large Page Support: Disabled
 NUMA Support: Disabled
 Compressed Oops: Enabled (32-bit)
 Alignments: Space 512K, Generation 512K, Heap 2M
 Heap Min Capacity: 100M
 Heap Initial Capacity: 100M
 Heap Max Capacity: 2G
 Pre-touch: Disabled
 Parallel Workers: 13
Heap:
 PSYoungGen      total 15360K, used 12184K [0x00000000d5580000, 0x00000000d6680000, 0x0000000100000000)
  eden space 13824K, 77% used [0x00000000d5580000,0x00000000d5fece50,0x00000000d6300000)
  from space 1536K, 98% used [0x00000000d6380000,0x00000000d64f93b0,0x00000000d6500000)
  to   space 1536K, 0% used [0x00000000d6500000,0x00000000d6500000,0x00000000d6680000)
 ParOldGen       total 77824K, used 77538K [0x0000000080000000, 0x0000000084c00000, 0x00000000d5580000)
  object space 77824K, 99% used [0x0000000080000000,0x0000000084bb8850,0x0000000084c00000)
 Metaspace       used 55616K, committed 56960K, reserved 1114112K
  class space    used 5945K, committed 6528K, reserved 1048576K
GC Heap History (20 events):
Event: 41.152 GC heap before
{Heap before GC invocations=46 (full 2):
 PSYoungGen      total 15872K, used 15349K [0x00000000d5580000, 0x00000000d6700000, 0x0000000100000000)
  eden space 13824K, 100% used [0x00000000d5580000,0x00000000d6300000,0x00000000d6300000)
  from space 2048K, 74% used [0x00000000d6300000,0x00000000d647d7a8,0x00000000d6500000)
  to   space 2048K, 0% used [0x00000000d6500000,0x00000000d6500000,0x00000000d6700000)
 ParOldGen       total 68608K, used 63555K [0x0000000080000000, 0x0000000084300000, 0x00000000d5580000)
  object space 68608K, 92% used [0x0000000080000000,0x0000000083e10f28,0x0000000084300000)
 Metaspace       used 55395K, committed 56704K, reserved 1114112K
  class space    used 5931K, committed 6464K, reserved 1048576K
}
Event: 41.153 GC heap after
{Heap after GC invocations=46 (full 2):
 PSYoungGen      total 15872K, used 1942K [0x00000000d5580000, 0x00000000d6700000, 0x0000000100000000)
  eden space 13824K, 0% used [0x00000000d5580000,0x00000000d5580000,0x00000000d6300000)
  from space 2048K, 94% used [0x00000000d6500000,0x00000000d66e5808,0x00000000d6700000)
  to   space 2048K, 0% used [0x00000000d6300000,0x00000000d6300000,0x00000000d6500000)
 ParOldGen       total 68608K, used 64911K [0x0000000080000000, 0x0000000084300000, 0x00000000d5580000)
  object space 68608K, 94% used [0x0000000080000000,0x0000000083f63d10,0x0000000084300000)
 Metaspace       used 55395K, committed 56704K, reserved 1114112K
  class space    used 5931K, committed 6464K, reserved 1048576K
}
Event: 41.204 GC heap before
{Heap before GC invocations=47 (full 2):
 PSYoungGen      total 15872K, used 15766K [0x00000000d5580000, 0x00000000d6700000, 0x0000000100000000)
  eden space 13824K, 100% used [0x00000000d5580000,0x00000000d6300000,0x00000000d6300000)
  from space 2048K, 94% used [0x00000000d6500000,0x00000000d66e5808,0x00000000d6700000)
  to   space 2048K, 0% used [0x00000000d6300000,0x00000000d6300000,0x00000000d6500000)
 ParOldGen       total 68608K, used 64911K [0x0000000080000000, 0x0000000084300000, 0x00000000d5580000)
  object space 68608K, 94% used [0x0000000080000000,0x0000000083f63d10,0x0000000084300000)
 Metaspace       used 55405K, committed 56704K, reserved 1114112K
  class space    used 5931K, committed 6464K, reserved 1048576K
}
Event: 41.206 GC heap after
{Heap after GC invocations=47 (full 2):
 PSYoungGen      total 15872K, used 1836K [0x00000000d5580000, 0x00000000d6700000, 0x0000000100000000)
  eden space 13824K, 0% used [0x00000000d5580000,0x00000000d5580000,0x00000000d6300000)
  from space 2048K, 89% used [0x00000000d6300000,0x00000000d64cb008,0x00000000d6500000)
  to   space 2048K, 0% used [0x00000000d6500000,0x00000000d6500000,0x00000000d6700000)
 ParOldGen       total 68608K, used 66535K [0x0000000080000000, 0x0000000084300000, 0x00000000d5580000)
  object space 68608K, 96% used [0x0000000080000000,0x00000000840f9d10,0x0000000084300000)
 Metaspace       used 55405K, committed 56704K, reserved 1114112K
  class space    used 5931K, committed 6464K, reserved 1048576K
}
Event: 41.321 GC heap before
{Heap before GC invocations=48 (full 2):
 PSYoungGen      total 15872K, used 15660K [0x00000000d5580000, 0x00000000d6700000, 0x0000000100000000)
  eden space 13824K, 100% used [0x00000000d5580000,0x00000000d6300000,0x00000000d6300000)
  from space 2048K, 89% used [0x00000000d6300000,0x00000000d64cb008,0x00000000d6500000)
  to   space 2048K, 0% used [0x00000000d6500000,0x00000000d6500000,0x00000000d6700000)
 ParOldGen       total 68608K, used 66535K [0x0000000080000000, 0x0000000084300000, 0x00000000d5580000)
  object space 68608K, 96% used [0x0000000080000000,0x00000000840f9d10,0x0000000084300000)
 Metaspace       used 55441K, committed 56832K, reserved 1114112K
  class space    used 5934K, committed 6528K, reserved 1048576K
}
Event: 41.322 GC heap after
{Heap after GC invocations=48 (full 2):
 PSYoungGen      total 15872K, used 1731K [0x00000000d5580000, 0x00000000d6700000, 0x0000000100000000)
  eden space 13824K, 0% used [0x00000000d5580000,0x00000000d5580000,0x00000000d6300000)
  from space 2048K, 84% used [0x00000000d6500000,0x00000000d66b0ec8,0x00000000d6700000)
  to   space 2048K, 0% used [0x00000000d6300000,0x00000000d6300000,0x00000000d6500000)
 ParOldGen       total 68608K, used 68211K [0x0000000080000000, 0x0000000084300000, 0x00000000d5580000)
  object space 68608K, 99% used [0x0000000080000000,0x000000008429cd18,0x0000000084300000)
 Metaspace       used 55441K, committed 56832K, reserved 1114112K
  class space    used 5934K, committed 6528K, reserved 1048576K
}
Event: 41.380 GC heap before
{Heap before GC invocations=49 (full 2):
 PSYoungGen      total 15872K, used 15555K [0x00000000d5580000, 0x00000000d6700000, 0x0000000100000000)
  eden space 13824K, 100% used [0x00000000d5580000,0x00000000d6300000,0x00000000d6300000)
  from space 2048K, 84% used [0x00000000d6500000,0x00000000d66b0ec8,0x00000000d6700000)
  to   space 2048K, 0% used [0x00000000d6300000,0x00000000d6300000,0x00000000d6500000)
 ParOldGen       total 68608K, used 68211K [0x0000000080000000, 0x0000000084300000, 0x00000000d5580000)
  object space 68608K, 99% used [0x0000000080000000,0x000000008429cd18,0x0000000084300000)
 Metaspace       used 55532K, committed 56896K, reserved 1114112K
  class space    used 5945K, committed 6528K, reserved 1048576K
}
Event: 41.381 GC heap after
{Heap after GC invocations=49 (full 2):
 PSYoungGen      total 15872K, used 1750K [0x00000000d5580000, 0x00000000d6700000, 0x0000000100000000)
  eden space 13824K, 0% used [0x00000000d5580000,0x00000000d5580000,0x00000000d6300000)
  from space 2048K, 85% used [0x00000000d6300000,0x00000000d64b5808,0x00000000d6500000)
  to   space 2048K, 0% used [0x00000000d6500000,0x00000000d6500000,0x00000000d6700000)
 ParOldGen       total 69632K, used 69631K [0x0000000080000000, 0x0000000084400000, 0x00000000d5580000)
  object space 69632K, 99% used [0x0000000080000000,0x00000000843ffc28,0x0000000084400000)
 Metaspace       used 55532K, committed 56896K, reserved 1114112K
  class space    used 5945K, committed 6528K, reserved 1048576K
}
Event: 41.439 GC heap before
{Heap before GC invocations=50 (full 2):
 PSYoungGen      total 15872K, used 15574K [0x00000000d5580000, 0x00000000d6700000, 0x0000000100000000)
  eden space 13824K, 100% used [0x00000000d5580000,0x00000000d6300000,0x00000000d6300000)
  from space 2048K, 85% used [0x00000000d6300000,0x00000000d64b5808,0x00000000d6500000)
  to   space 2048K, 0% used [0x00000000d6500000,0x00000000d6500000,0x00000000d6700000)
 ParOldGen       total 69632K, used 69631K [0x0000000080000000, 0x0000000084400000, 0x00000000d5580000)
  object space 69632K, 99% used [0x0000000080000000,0x00000000843ffc28,0x0000000084400000)
 Metaspace       used 55536K, committed 56896K, reserved 1114112K
  class space    used 5945K, committed 6528K, reserved 1048576K
}
Event: 41.440 GC heap after
{Heap after GC invocations=50 (full 2):
 PSYoungGen      total 15872K, used 1740K [0x00000000d5580000, 0x00000000d6700000, 0x0000000100000000)
  eden space 13824K, 0% used [0x00000000d5580000,0x00000000d5580000,0x00000000d6300000)
  from space 2048K, 84% used [0x00000000d6500000,0x00000000d66b3008,0x00000000d6700000)
  to   space 2048K, 0% used [0x00000000d6300000,0x00000000d6300000,0x00000000d6500000)
 ParOldGen       total 71168K, used 71111K [0x0000000080000000, 0x0000000084580000, 0x00000000d5580000)
  object space 71168K, 99% used [0x0000000080000000,0x0000000084571c28,0x0000000084580000)
 Metaspace       used 55536K, committed 56896K, reserved 1114112K
  class space    used 5945K, committed 6528K, reserved 1048576K
}
Event: 41.579 GC heap before
{Heap before GC invocations=51 (full 2):
 PSYoungGen      total 15872K, used 15555K [0x00000000d5580000, 0x00000000d6700000, 0x0000000100000000)
  eden space 13824K, 99% used [0x00000000d5580000,0x00000000d62fdff0,0x00000000d6300000)
  from space 2048K, 84% used [0x00000000d6500000,0x00000000d66b3008,0x00000000d6700000)
  to   space 2048K, 0% used [0x00000000d6300000,0x00000000d6300000,0x00000000d6500000)
 ParOldGen       total 71168K, used 71111K [0x0000000080000000, 0x0000000084580000, 0x00000000d5580000)
  object space 71168K, 99% used [0x0000000080000000,0x0000000084571c28,0x0000000084580000)
 Metaspace       used 55551K, committed 56896K, reserved 1114112K
  class space    used 5945K, committed 6528K, reserved 1048576K
}
Event: 41.581 GC heap after
{Heap after GC invocations=51 (full 2):
 PSYoungGen      total 15872K, used 1451K [0x00000000d5580000, 0x00000000d6700000, 0x0000000100000000)
  eden space 13824K, 0% used [0x00000000d5580000,0x00000000d5580000,0x00000000d6300000)
  from space 2048K, 70% used [0x00000000d6300000,0x00000000d646ae08,0x00000000d6500000)
  to   space 2048K, 0% used [0x00000000d6500000,0x00000000d6500000,0x00000000d6700000)
 ParOldGen       total 72704K, used 72664K [0x0000000080000000, 0x0000000084700000, 0x00000000d5580000)
  object space 72704K, 99% used [0x0000000080000000,0x00000000846f6240,0x0000000084700000)
 Metaspace       used 55551K, committed 56896K, reserved 1114112K
  class space    used 5945K, committed 6528K, reserved 1048576K
}
Event: 41.638 GC heap before
{Heap before GC invocations=52 (full 2):
 PSYoungGen      total 15872K, used 15275K [0x00000000d5580000, 0x00000000d6700000, 0x0000000100000000)
  eden space 13824K, 100% used [0x00000000d5580000,0x00000000d6300000,0x00000000d6300000)
  from space 2048K, 70% used [0x00000000d6300000,0x00000000d646ae08,0x00000000d6500000)
  to   space 2048K, 0% used [0x00000000d6500000,0x00000000d6500000,0x00000000d6700000)
 ParOldGen       total 72704K, used 72664K [0x0000000080000000, 0x0000000084700000, 0x00000000d5580000)
  object space 72704K, 99% used [0x0000000080000000,0x00000000846f6240,0x0000000084700000)
 Metaspace       used 55587K, committed 56960K, reserved 1114112K
  class space    used 5945K, committed 6528K, reserved 1048576K
}
Event: 41.639 GC heap after
{Heap after GC invocations=52 (full 2):
 PSYoungGen      total 15872K, used 1846K [0x00000000d5580000, 0x00000000d6700000, 0x0000000100000000)
  eden space 13824K, 0% used [0x00000000d5580000,0x00000000d5580000,0x00000000d6300000)
  from space 2048K, 90% used [0x00000000d6500000,0x00000000d66cd808,0x00000000d6700000)
  to   space 2048K, 0% used [0x00000000d6300000,0x00000000d6300000,0x00000000d6500000)
 ParOldGen       total 74240K, used 73884K [0x0000000080000000, 0x0000000084880000, 0x00000000d5580000)
  object space 74240K, 99% used [0x0000000080000000,0x0000000084827048,0x0000000084880000)
 Metaspace       used 55587K, committed 56960K, reserved 1114112K
  class space    used 5945K, committed 6528K, reserved 1048576K
}
Event: 41.728 GC heap before
{Heap before GC invocations=53 (full 2):
 PSYoungGen      total 15872K, used 15670K [0x00000000d5580000, 0x00000000d6700000, 0x0000000100000000)
  eden space 13824K, 100% used [0x00000000d5580000,0x00000000d6300000,0x00000000d6300000)
  from space 2048K, 90% used [0x00000000d6500000,0x00000000d66cd808,0x00000000d6700000)
  to   space 2048K, 0% used [0x00000000d6300000,0x00000000d6300000,0x00000000d6500000)
 ParOldGen       total 74240K, used 73884K [0x0000000080000000, 0x0000000084880000, 0x00000000d5580000)
  object space 74240K, 99% used [0x0000000080000000,0x0000000084827048,0x0000000084880000)
 Metaspace       used 55604K, committed 56960K, reserved 1114112K
  class space    used 5945K, committed 6528K, reserved 1048576K
}
Event: 41.729 GC heap after
{Heap after GC invocations=53 (full 2):
 PSYoungGen      total 15872K, used 1664K [0x00000000d5580000, 0x00000000d6700000, 0x0000000100000000)
  eden space 13824K, 0% used [0x00000000d5580000,0x00000000d5580000,0x00000000d6300000)
  from space 2048K, 81% used [0x00000000d6300000,0x00000000d64a0000,0x00000000d6500000)
  to   space 2048K, 0% used [0x00000000d6500000,0x00000000d6500000,0x00000000d6700000)
 ParOldGen       total 75776K, used 75586K [0x0000000080000000, 0x0000000084a00000, 0x00000000d5580000)
  object space 75776K, 99% used [0x0000000080000000,0x00000000849d0850,0x0000000084a00000)
 Metaspace       used 55604K, committed 56960K, reserved 1114112K
  class space    used 5945K, committed 6528K, reserved 1048576K
}
Event: 41.836 GC heap before
{Heap before GC invocations=54 (full 2):
 PSYoungGen      total 15872K, used 15488K [0x00000000d5580000, 0x00000000d6700000, 0x0000000100000000)
  eden space 13824K, 100% used [0x00000000d5580000,0x00000000d6300000,0x00000000d6300000)
  from space 2048K, 81% used [0x00000000d6300000,0x00000000d64a0000,0x00000000d6500000)
  to   space 2048K, 0% used [0x00000000d6500000,0x00000000d6500000,0x00000000d6700000)
 ParOldGen       total 75776K, used 75586K [0x0000000080000000, 0x0000000084a00000, 0x00000000d5580000)
  object space 75776K, 99% used [0x0000000080000000,0x00000000849d0850,0x0000000084a00000)
 Metaspace       used 55611K, committed 56960K, reserved 1114112K
  class space    used 5945K, committed 6528K, reserved 1048576K
}
Event: 41.837 GC heap after
{Heap after GC invocations=54 (full 2):
 PSYoungGen      total 15360K, used 1056K [0x00000000d5580000, 0x00000000d6680000, 0x0000000100000000)
  eden space 13824K, 0% used [0x00000000d5580000,0x00000000d5580000,0x00000000d6300000)
  from space 1536K, 68% used [0x00000000d6500000,0x00000000d6608000,0x00000000d6680000)
  to   space 1536K, 0% used [0x00000000d6380000,0x00000000d6380000,0x00000000d6500000)
 ParOldGen       total 76800K, used 76578K [0x0000000080000000, 0x0000000084b00000, 0x00000000d5580000)
  object space 76800K, 99% used [0x0000000080000000,0x0000000084ac8850,0x0000000084b00000)
 Metaspace       used 55611K, committed 56960K, reserved 1114112K
  class space    used 5945K, committed 6528K, reserved 1048576K
}
Event: 41.890 GC heap before
{Heap before GC invocations=55 (full 2):
 PSYoungGen      total 15360K, used 14880K [0x00000000d5580000, 0x00000000d6680000, 0x0000000100000000)
  eden space 13824K, 100% used [0x00000000d5580000,0x00000000d6300000,0x00000000d6300000)
  from space 1536K, 68% used [0x00000000d6500000,0x00000000d6608000,0x00000000d6680000)
  to   space 1536K, 0% used [0x00000000d6380000,0x00000000d6380000,0x00000000d6500000)
 ParOldGen       total 76800K, used 76578K [0x0000000080000000, 0x0000000084b00000, 0x00000000d5580000)
  object space 76800K, 99% used [0x0000000080000000,0x0000000084ac8850,0x0000000084b00000)
 Metaspace       used 55613K, committed 56960K, reserved 1114112K
  class space    used 5945K, committed 6528K, reserved 1048576K
}
Event: 41.891 GC heap after
{Heap after GC invocations=55 (full 2):
 PSYoungGen      total 15360K, used 1508K [0x00000000d5580000, 0x00000000d6680000, 0x0000000100000000)
  eden space 13824K, 0% used [0x00000000d5580000,0x00000000d5580000,0x00000000d6300000)
  from space 1536K, 98% used [0x00000000d6380000,0x00000000d64f93b0,0x00000000d6500000)
  to   space 1536K, 0% used [0x00000000d6500000,0x00000000d6500000,0x00000000d6680000)
 ParOldGen       total 77824K, used 77538K [0x0000000080000000, 0x0000000084c00000, 0x00000000d5580000)
  object space 77824K, 99% used [0x0000000080000000,0x0000000084bb8850,0x0000000084c00000)
 Metaspace       used 55613K, committed 56960K, reserved 1114112K
  class space    used 5945K, committed 6528K, reserved 1048576K
}

