# JRE version: OpenJDK Runtime Environment Temurin-21.0.9+10 (21.0.9+10) (build 21.0.9+10-LTS)
# Java VM: OpenJDK 64-Bit Server VM Temurin-21.0.9+10 (21.0.9+10-LTS, mixed mode, sharing, tiered, compressed oops, compressed class ptrs, parallel gc, windows-amd64)
GC Precious Log:
 CardTable entry size: 512
 CPUs: 16 total, 16 available
 Memory: 16108M
 Large Page Support: Disabled
 NUMA Support: Disabled
 Compressed Oops: Enabled (32-bit)
 Alignments: Space 512K, Generation 512K, Heap 2M
 Heap Min Capacity: 100M
 Heap Initial Capacity: 100M
 Heap Max Capacity: 2G
 Pre-touch: Disabled
 Parallel Workers: 13
Heap:
 PSYoungGen      total 21504K, used 7696K [0x00000000d5580000, 0x00000000d6d00000, 0x0000000100000000)
  eden space 18944K, 28% used [0x00000000d5580000,0x00000000d5acc3f0,0x00000000d6800000)
  from space 2560K, 88% used [0x00000000d6800000,0x00000000d6a38000,0x00000000d6a80000)
  to   space 2560K, 0% used [0x00000000d6a80000,0x00000000d6a80000,0x00000000d6d00000)
 ParOldGen       total 68608K, used 51944K [0x0000000080000000, 0x0000000084300000, 0x00000000d5580000)
  object space 68608K, 75% used [0x0000000080000000,0x00000000832ba148,0x0000000084300000)
 Metaspace       used 55562K, committed 56896K, reserved 1114112K
  class space    used 5936K, committed 6528K, reserved 1048576K
GC Heap History (20 events):
Event: 12.832 GC heap before
{Heap before GC invocations=27 (full 2):
 PSYoungGen      total 22528K, used 22208K [0x00000000d5580000, 0x00000000d6e80000, 0x0000000100000000)
  eden space 19968K, 100% used [0x00000000d5580000,0x00000000d6900000,0x00000000d6900000)
  from space 2560K, 87% used [0x00000000d6c00000,0x00000000d6e30010,0x00000000d6e80000)
  to   space 2560K, 0% used [0x00000000d6980000,0x00000000d6980000,0x00000000d6c00000)
 ParOldGen       total 68608K, used 33634K [0x0000000080000000, 0x0000000084300000, 0x00000000d5580000)
  object space 68608K, 49% used [0x0000000080000000,0x00000000820d8860,0x0000000084300000)
 Metaspace       used 49037K, committed 50304K, reserved 1114112K
  class space    used 5256K, committed 5824K, reserved 1048576K
}
Event: 12.834 GC heap after
{Heap after GC invocations=27 (full 2):
 PSYoungGen      total 22016K, used 1956K [0x00000000d5580000, 0x00000000d6e00000, 0x0000000100000000)
  eden space 19968K, 0% used [0x00000000d5580000,0x00000000d5580000,0x00000000d6900000)
  from space 2048K, 95% used [0x00000000d6980000,0x00000000d6b69000,0x00000000d6b80000)
  to   space 2560K, 0% used [0x00000000d6b80000,0x00000000d6b80000,0x00000000d6e00000)
 ParOldGen       total 68608K, used 35697K [0x0000000080000000, 0x0000000084300000, 0x00000000d5580000)
  object space 68608K, 52% used [0x0000000080000000,0x00000000822dc5e0,0x0000000084300000)
 Metaspace       used 49037K, committed 50304K, reserved 1114112K
  class space    used 5256K, committed 5824K, reserved 1048576K
}
Event: 12.866 GC heap before
{Heap before GC invocations=28 (full 2):
 PSYoungGen      total 22016K, used 21924K [0x00000000d5580000, 0x00000000d6e00000, 0x0000000100000000)
  eden space 19968K, 100% used [0x00000000d5580000,0x00000000d6900000,0x00000000d6900000)
  from space 2048K, 95% used [0x00000000d6980000,0x00000000d6b69000,0x00000000d6b80000)
  to   space 2560K, 0% used [0x00000000d6b80000,0x00000000d6b80000,0x00000000d6e00000)
 ParOldGen       total 68608K, used 35697K [0x0000000080000000, 0x0000000084300000, 0x00000000d5580000)
  object space 68608K, 52% used [0x0000000080000000,0x00000000822dc5e0,0x0000000084300000)
 Metaspace       used 49039K, committed 50304K, reserved 1114112K
  class space    used 5256K, committed 5824K, reserved 1048576K
}
Event: 12.868 GC heap after
{Heap after GC invocations=28 (full 2):
 PSYoungGen      total 22016K, used 1856K [0x00000000d5580000, 0x00000000d6d80000, 0x0000000100000000)
  eden space 19968K, 0% used [0x00000000d5580000,0x00000000d5580000,0x00000000d6900000)
  from space 2048K, 90% used [0x00000000d6b80000,0x00000000d6d50000,0x00000000d6d80000)
  to   space 2048K, 0% used [0x00000000d6980000,0x00000000d6980000,0x00000000d6b80000)
 ParOldGen       total 68608K, used 37479K [0x0000000080000000, 0x0000000084300000, 0x00000000d5580000)
  object space 68608K, 54% used [0x0000000080000000,0x0000000082499c08,0x0000000084300000)
 Metaspace       used 49039K, committed 50304K, reserved 1114112K
  class space    used 5256K, committed 5824K, reserved 1048576K
}
Event: 14.499 GC heap before
{Heap before GC invocations=29 (full 2):
 PSYoungGen      total 22016K, used 21824K [0x00000000d5580000, 0x00000000d6d80000, 0x0000000100000000)
  eden space 19968K, 100% used [0x00000000d5580000,0x00000000d6900000,0x00000000d6900000)
  from space 2048K, 90% used [0x00000000d6b80000,0x00000000d6d50000,0x00000000d6d80000)
  to   space 2048K, 0% used [0x00000000d6980000,0x00000000d6980000,0x00000000d6b80000)
 ParOldGen       total 68608K, used 37479K [0x0000000080000000, 0x0000000084300000, 0x00000000d5580000)
  object space 68608K, 54% used [0x0000000080000000,0x0000000082499c08,0x0000000084300000)
 Metaspace       used 49151K, committed 50432K, reserved 1114112K
  class space    used 5262K, committed 5824K, reserved 1048576K
}
Event: 14.501 GC heap after
{Heap after GC invocations=29 (full 2):
 PSYoungGen      total 22016K, used 2016K [0x00000000d5580000, 0x00000000d7100000, 0x0000000100000000)
  eden space 19968K, 0% used [0x00000000d5580000,0x00000000d5580000,0x00000000d6900000)
  from space 2048K, 98% used [0x00000000d6980000,0x00000000d6b78010,0x00000000d6b80000)
  to   space 4096K, 0% used [0x00000000d6d00000,0x00000000d6d00000,0x00000000d7100000)
 ParOldGen       total 68608K, used 39183K [0x0000000080000000, 0x0000000084300000, 0x00000000d5580000)
  object space 68608K, 57% used [0x0000000080000000,0x0000000082643c08,0x0000000084300000)
 Metaspace       used 49151K, committed 50432K, reserved 1114112K
  class space    used 5262K, committed 5824K, reserved 1048576K
}
Event: 14.539 GC heap before
{Heap before GC invocations=30 (full 2):
 PSYoungGen      total 22016K, used 21984K [0x00000000d5580000, 0x00000000d7100000, 0x0000000100000000)
  eden space 19968K, 100% used [0x00000000d5580000,0x00000000d6900000,0x00000000d6900000)
  from space 2048K, 98% used [0x00000000d6980000,0x00000000d6b78010,0x00000000d6b80000)
  to   space 4096K, 0% used [0x00000000d6d00000,0x00000000d6d00000,0x00000000d7100000)
 ParOldGen       total 68608K, used 39183K [0x0000000080000000, 0x0000000084300000, 0x00000000d5580000)
  object space 68608K, 57% used [0x0000000080000000,0x0000000082643c08,0x0000000084300000)
 Metaspace       used 49206K, committed 50432K, reserved 1114112K
  class space    used 5264K, committed 5824K, reserved 1048576K
}
Event: 14.541 GC heap after
{Heap after GC invocations=30 (full 2):
 PSYoungGen      total 22016K, used 1816K [0x00000000d5580000, 0x00000000d6f00000, 0x0000000100000000)
  eden space 19968K, 0% used [0x00000000d5580000,0x00000000d5580000,0x00000000d6900000)
  from space 2048K, 88% used [0x00000000d6d00000,0x00000000d6ec6200,0x00000000d6f00000)
  to   space 2560K, 0% used [0x00000000d6a00000,0x00000000d6a00000,0x00000000d6c80000)
 ParOldGen       total 68608K, used 41071K [0x0000000080000000, 0x0000000084300000, 0x00000000d5580000)
  object space 68608K, 59% used [0x0000000080000000,0x000000008281bc18,0x0000000084300000)
 Metaspace       used 49206K, committed 50432K, reserved 1114112K
  class space    used 5264K, committed 5824K, reserved 1048576K
}
Event: 14.809 GC heap before
{Heap before GC invocations=31 (full 2):
 PSYoungGen      total 22016K, used 21748K [0x00000000d5580000, 0x00000000d6f00000, 0x0000000100000000)
  eden space 19968K, 99% used [0x00000000d5580000,0x00000000d68f6f98,0x00000000d6900000)
  from space 2048K, 88% used [0x00000000d6d00000,0x00000000d6ec6200,0x00000000d6f00000)
  to   space 2560K, 0% used [0x00000000d6a00000,0x00000000d6a00000,0x00000000d6c80000)
 ParOldGen       total 68608K, used 41071K [0x0000000080000000, 0x0000000084300000, 0x00000000d5580000)
  object space 68608K, 59% used [0x0000000080000000,0x000000008281bc18,0x0000000084300000)
 Metaspace       used 51581K, committed 52864K, reserved 1114112K
  class space    used 5524K, committed 6080K, reserved 1048576K
}
Event: 14.811 GC heap after
{Heap after GC invocations=31 (full 2):
 PSYoungGen      total 21504K, used 1268K [0x00000000d5580000, 0x00000000d6d80000, 0x0000000100000000)
  eden space 19968K, 0% used [0x00000000d5580000,0x00000000d5580000,0x00000000d6900000)
  from space 1536K, 82% used [0x00000000d6a00000,0x00000000d6b3d3e8,0x00000000d6b80000)
  to   space 2048K, 0% used [0x00000000d6b80000,0x00000000d6b80000,0x00000000d6d80000)
 ParOldGen       total 68608K, used 42689K [0x0000000080000000, 0x0000000084300000, 0x00000000d5580000)
  object space 68608K, 62% used [0x0000000080000000,0x00000000829b0778,0x0000000084300000)
 Metaspace       used 51581K, committed 52864K, reserved 1114112K
  class space    used 5524K, committed 6080K, reserved 1048576K
}
Event: 15.091 GC heap before
{Heap before GC invocations=32 (full 2):
 PSYoungGen      total 21504K, used 21236K [0x00000000d5580000, 0x00000000d6d80000, 0x0000000100000000)
  eden space 19968K, 100% used [0x00000000d5580000,0x00000000d6900000,0x00000000d6900000)
  from space 1536K, 82% used [0x00000000d6a00000,0x00000000d6b3d3e8,0x00000000d6b80000)
  to   space 2048K, 0% used [0x00000000d6b80000,0x00000000d6b80000,0x00000000d6d80000)
 ParOldGen       total 68608K, used 42689K [0x0000000080000000, 0x0000000084300000, 0x00000000d5580000)
  object space 68608K, 62% used [0x0000000080000000,0x00000000829b0778,0x0000000084300000)
 Metaspace       used 52381K, committed 53696K, reserved 1114112K
  class space    used 5629K, committed 6208K, reserved 1048576K
}
Event: 15.092 GC heap after
{Heap after GC invocations=32 (full 2):
 PSYoungGen      total 20992K, used 640K [0x00000000d5580000, 0x00000000d6c80000, 0x0000000100000000)
  eden space 19968K, 0% used [0x00000000d5580000,0x00000000d5580000,0x00000000d6900000)
  from space 1024K, 62% used [0x00000000d6b80000,0x00000000d6c20000,0x00000000d6c80000)
  to   space 1024K, 0% used [0x00000000d6a80000,0x00000000d6a80000,0x00000000d6b80000)
 ParOldGen       total 68608K, used 43673K [0x0000000080000000, 0x0000000084300000, 0x00000000d5580000)
  object space 68608K, 63% used [0x0000000080000000,0x0000000082aa66d8,0x0000000084300000)
 Metaspace       used 52381K, committed 53696K, reserved 1114112K
  class space    used 5629K, committed 6208K, reserved 1048576K
}
Event: 16.255 GC heap before
{Heap before GC invocations=33 (full 2):
 PSYoungGen      total 20992K, used 20607K [0x00000000d5580000, 0x00000000d6c80000, 0x0000000100000000)
  eden space 19968K, 99% used [0x00000000d5580000,0x00000000d68ffff8,0x00000000d6900000)
  from space 1024K, 62% used [0x00000000d6b80000,0x00000000d6c20000,0x00000000d6c80000)
  to   space 1024K, 0% used [0x00000000d6a80000,0x00000000d6a80000,0x00000000d6b80000)
 ParOldGen       total 68608K, used 43673K [0x0000000080000000, 0x0000000084300000, 0x00000000d5580000)
  object space 68608K, 63% used [0x0000000080000000,0x0000000082aa66d8,0x0000000084300000)
 Metaspace       used 54212K, committed 55488K, reserved 1114112K
  class space    used 5826K, committed 6400K, reserved 1048576K
}
Event: 16.257 GC heap after
{Heap after GC invocations=33 (full 2):
 PSYoungGen      total 20992K, used 1018K [0x00000000d5580000, 0x00000000d6d00000, 0x0000000100000000)
  eden space 19968K, 0% used [0x00000000d5580000,0x00000000d5580000,0x00000000d6900000)
  from space 1024K, 99% used [0x00000000d6a80000,0x00000000d6b7e900,0x00000000d6b80000)
  to   space 1536K, 0% used [0x00000000d6b80000,0x00000000d6b80000,0x00000000d6d00000)
 ParOldGen       total 68608K, used 44447K [0x0000000080000000, 0x0000000084300000, 0x00000000d5580000)
  object space 68608K, 64% used [0x0000000080000000,0x0000000082b67c68,0x0000000084300000)
 Metaspace       used 54212K, committed 55488K, reserved 1114112K
  class space    used 5826K, committed 6400K, reserved 1048576K
}
Event: 16.692 GC heap before
{Heap before GC invocations=34 (full 2):
 PSYoungGen      total 20992K, used 20986K [0x00000000d5580000, 0x00000000d6d00000, 0x0000000100000000)
  eden space 19968K, 100% used [0x00000000d5580000,0x00000000d6900000,0x00000000d6900000)
  from space 1024K, 99% used [0x00000000d6a80000,0x00000000d6b7e900,0x00000000d6b80000)
  to   space 1536K, 0% used [0x00000000d6b80000,0x00000000d6b80000,0x00000000d6d00000)
 ParOldGen       total 68608K, used 44447K [0x0000000080000000, 0x0000000084300000, 0x00000000d5580000)
  object space 68608K, 64% used [0x0000000080000000,0x0000000082b67c68,0x0000000084300000)
 Metaspace       used 55332K, committed 56704K, reserved 1114112K
  class space    used 5930K, committed 6528K, reserved 1048576K
}
Event: 16.694 GC heap after
{Heap after GC invocations=34 (full 2):
 PSYoungGen      total 20480K, used 1536K [0x00000000d5580000, 0x00000000d7000000, 0x0000000100000000)
  eden space 18944K, 0% used [0x00000000d5580000,0x00000000d5580000,0x00000000d6800000)
  from space 1536K, 100% used [0x00000000d6b80000,0x00000000d6d00000,0x00000000d6d00000)
  to   space 3584K, 0% used [0x00000000d6800000,0x00000000d6800000,0x00000000d6b80000)
 ParOldGen       total 68608K, used 46048K [0x0000000080000000, 0x0000000084300000, 0x00000000d5580000)
  object space 68608K, 67% used [0x0000000080000000,0x0000000082cf83e0,0x0000000084300000)
 Metaspace       used 55332K, committed 56704K, reserved 1114112K
  class space    used 5930K, committed 6528K, reserved 1048576K
}
Event: 17.860 GC heap before
{Heap before GC invocations=35 (full 2):
 PSYoungGen      total 20480K, used 20480K [0x00000000d5580000, 0x00000000d7000000, 0x0000000100000000)
  eden space 18944K, 100% used [0x00000000d5580000,0x00000000d6800000,0x00000000d6800000)
  from space 1536K, 100% used [0x00000000d6b80000,0x00000000d6d00000,0x00000000d6d00000)
  to   space 3584K, 0% used [0x00000000d6800000,0x00000000d6800000,0x00000000d6b80000)
 ParOldGen       total 68608K, used 46048K [0x0000000080000000, 0x0000000084300000, 0x00000000d5580000)
  object space 68608K, 67% used [0x0000000080000000,0x0000000082cf83e0,0x0000000084300000)
 Metaspace       used 55538K, committed 56832K, reserved 1114112K
  class space    used 5936K, committed 6528K, reserved 1048576K
}
Event: 17.862 GC heap after
{Heap after GC invocations=35 (full 2):
 PSYoungGen      total 21504K, used 2320K [0x00000000d5580000, 0x00000000d6e00000, 0x0000000100000000)
  eden space 18944K, 0% used [0x00000000d5580000,0x00000000d5580000,0x00000000d6800000)
  from space 2560K, 90% used [0x00000000d6800000,0x00000000d6a44010,0x00000000d6a80000)
  to   space 3072K, 0% used [0x00000000d6b00000,0x00000000d6b00000,0x00000000d6e00000)
 ParOldGen       total 68608K, used 47433K [0x0000000080000000, 0x0000000084300000, 0x00000000d5580000)
  object space 68608K, 69% used [0x0000000080000000,0x0000000082e52400,0x0000000084300000)
 Metaspace       used 55538K, committed 56832K, reserved 1114112K
  class space    used 5936K, committed 6528K, reserved 1048576K
}
Event: 17.932 GC heap before
{Heap before GC invocations=36 (full 2):
 PSYoungGen      total 21504K, used 21264K [0x00000000d5580000, 0x00000000d6e00000, 0x0000000100000000)
  eden space 18944K, 100% used [0x00000000d5580000,0x00000000d6800000,0x00000000d6800000)
  from space 2560K, 90% used [0x00000000d6800000,0x00000000d6a44010,0x00000000d6a80000)
  to   space 3072K, 0% used [0x00000000d6b00000,0x00000000d6b00000,0x00000000d6e00000)
 ParOldGen       total 68608K, used 47433K [0x0000000080000000, 0x0000000084300000, 0x00000000d5580000)
  object space 68608K, 69% used [0x0000000080000000,0x0000000082e52400,0x0000000084300000)
 Metaspace       used 55562K, committed 56896K, reserved 1114112K
  class space    used 5936K, committed 6528K, reserved 1048576K
}
Event: 17.933 GC heap after
{Heap after GC invocations=36 (full 2):
 PSYoungGen      total 22016K, used 2604K [0x00000000d5580000, 0x00000000d6e00000, 0x0000000100000000)
  eden space 18944K, 0% used [0x00000000d5580000,0x00000000d5580000,0x00000000d6800000)
  from space 3072K, 84% used [0x00000000d6b00000,0x00000000d6d8b008,0x00000000d6e00000)
  to   space 3072K, 0% used [0x00000000d6800000,0x00000000d6800000,0x00000000d6b00000)
 ParOldGen       total 68608K, used 49596K [0x0000000080000000, 0x0000000084300000, 0x00000000d5580000)
  object space 68608K, 72% used [0x0000000080000000,0x000000008306f140,0x0000000084300000)
 Metaspace       used 55562K, committed 56896K, reserved 1114112K
  class space    used 5936K, committed 6528K, reserved 1048576K
}

