# JRE version: OpenJDK Runtime Environment Temurin-21.0.9+10 (21.0.9+10) (build 21.0.9+10-LTS)
# Java VM: OpenJDK 64-Bit Server VM Temurin-21.0.9+10 (21.0.9+10-LTS, mixed mode, sharing, tiered, compressed oops, compressed class ptrs, parallel gc, windows-amd64)
GC Precious Log:
 CardTable entry size: 512
 CPUs: 16 total, 16 available
 Memory: 16108M
 Large Page Support: Disabled
 NUMA Support: Disabled
 Compressed Oops: Enabled (32-bit)
 Alignments: Space 512K, Generation 512K, Heap 2M
 Heap Min Capacity: 100M
 Heap Initial Capacity: 100M
 Heap Max Capacity: 2G
 Pre-touch: Disabled
 Parallel Workers: 13
Heap:
 PSYoungGen      total 23040K, used 10586K [0x00000000d5580000, 0x00000000d6f80000, 0x0000000100000000)
  eden space 20480K, 41% used [0x00000000d5580000,0x00000000d5dce898,0x00000000d6980000)
  from space 2560K, 81% used [0x00000000d6d00000,0x00000000d6f081b0,0x00000000d6f80000)
  to   space 2560K, 0% used [0x00000000d6a80000,0x00000000d6a80000,0x00000000d6d00000)
 ParOldGen       total 68608K, used 40468K [0x0000000080000000, 0x0000000084300000, 0x00000000d5580000)
  object space 68608K, 58% used [0x0000000080000000,0x0000000082785130,0x0000000084300000)
 Metaspace       used 49524K, committed 50816K, reserved 1114112K
  class space    used 5293K, committed 5824K, reserved 1048576K
GC Heap History (20 events):
Event: 5.270 GC heap before
{Heap before GC invocations=19 (full 2):
 PSYoungGen      total 23552K, used 23168K [0x00000000d5580000, 0x00000000d6e80000, 0x0000000100000000)
  eden space 22016K, 100% used [0x00000000d5580000,0x00000000d6b00000,0x00000000d6b00000)
  from space 1536K, 75% used [0x00000000d6d00000,0x00000000d6e20000,0x00000000d6e80000)
  to   space 1536K, 0% used [0x00000000d6b80000,0x00000000d6b80000,0x00000000d6d00000)
 ParOldGen       total 68608K, used 24480K [0x0000000080000000, 0x0000000084300000, 0x00000000d5580000)
  object space 68608K, 35% used [0x0000000080000000,0x00000000817e83f8,0x0000000084300000)
 Metaspace       used 42113K, committed 43328K, reserved 1114112K
  class space    used 4456K, committed 4928K, reserved 1048576K
}
Event: 5.271 GC heap after
{Heap after GC invocations=19 (full 2):
 PSYoungGen      total 23552K, used 1216K [0x00000000d5580000, 0x00000000d6e00000, 0x0000000100000000)
  eden space 22016K, 0% used [0x00000000d5580000,0x00000000d5580000,0x00000000d6b00000)
  from space 1536K, 79% used [0x00000000d6b80000,0x00000000d6cb0000,0x00000000d6d00000)
  to   space 1024K, 0% used [0x00000000d6d00000,0x00000000d6d00000,0x00000000d6e00000)
 ParOldGen       total 68608K, used 25432K [0x0000000080000000, 0x0000000084300000, 0x00000000d5580000)
  object space 68608K, 37% used [0x0000000080000000,0x00000000818d63f8,0x0000000084300000)
 Metaspace       used 42113K, committed 43328K, reserved 1114112K
  class space    used 4456K, committed 4928K, reserved 1048576K
}
Event: 5.472 GC heap before
{Heap before GC invocations=20 (full 2):
 PSYoungGen      total 23552K, used 23186K [0x00000000d5580000, 0x00000000d6e00000, 0x0000000100000000)
  eden space 22016K, 99% used [0x00000000d5580000,0x00000000d6af4950,0x00000000d6b00000)
  from space 1536K, 79% used [0x00000000d6b80000,0x00000000d6cb0000,0x00000000d6d00000)
  to   space 1024K, 0% used [0x00000000d6d00000,0x00000000d6d00000,0x00000000d6e00000)
 ParOldGen       total 68608K, used 25432K [0x0000000080000000, 0x0000000084300000, 0x00000000d5580000)
  object space 68608K, 37% used [0x0000000080000000,0x00000000818d63f8,0x0000000084300000)
 Metaspace       used 44671K, committed 45888K, reserved 1114112K
  class space    used 4763K, committed 5248K, reserved 1048576K
}
Event: 5.473 GC heap after
{Heap after GC invocations=20 (full 2):
 PSYoungGen      total 21504K, used 992K [0x00000000d5580000, 0x00000000d7200000, 0x0000000100000000)
  eden space 20480K, 0% used [0x00000000d5580000,0x00000000d5580000,0x00000000d6980000)
  from space 1024K, 96% used [0x00000000d6d00000,0x00000000d6df8310,0x00000000d6e00000)
  to   space 3584K, 0% used [0x00000000d6980000,0x00000000d6980000,0x00000000d6d00000)
 ParOldGen       total 68608K, used 27356K [0x0000000080000000, 0x0000000084300000, 0x00000000d5580000)
  object space 68608K, 39% used [0x0000000080000000,0x0000000081ab7128,0x0000000084300000)
 Metaspace       used 44671K, committed 45888K, reserved 1114112K
  class space    used 4763K, committed 5248K, reserved 1048576K
}
Event: 5.581 GC heap before
{Heap before GC invocations=21 (full 2):
 PSYoungGen      total 21504K, used 21472K [0x00000000d5580000, 0x00000000d7200000, 0x0000000100000000)
  eden space 20480K, 100% used [0x00000000d5580000,0x00000000d6980000,0x00000000d6980000)
  from space 1024K, 96% used [0x00000000d6d00000,0x00000000d6df8310,0x00000000d6e00000)
  to   space 3584K, 0% used [0x00000000d6980000,0x00000000d6980000,0x00000000d6d00000)
 ParOldGen       total 68608K, used 27356K [0x0000000080000000, 0x0000000084300000, 0x00000000d5580000)
  object space 68608K, 39% used [0x0000000080000000,0x0000000081ab7128,0x0000000084300000)
 Metaspace       used 45826K, committed 47104K, reserved 1114112K
  class space    used 4908K, committed 5440K, reserved 1048576K
}
Event: 5.583 GC heap after
{Heap after GC invocations=21 (full 2):
 PSYoungGen      total 23040K, used 2198K [0x00000000d5580000, 0x00000000d6e80000, 0x0000000100000000)
  eden space 20480K, 0% used [0x00000000d5580000,0x00000000d5580000,0x00000000d6980000)
  from space 2560K, 85% used [0x00000000d6980000,0x00000000d6ba5808,0x00000000d6c00000)
  to   space 2560K, 0% used [0x00000000d6c00000,0x00000000d6c00000,0x00000000d6e80000)
 ParOldGen       total 68608K, used 28332K [0x0000000080000000, 0x0000000084300000, 0x00000000d5580000)
  object space 68608K, 41% used [0x0000000080000000,0x0000000081bab3e8,0x0000000084300000)
 Metaspace       used 45826K, committed 47104K, reserved 1114112K
  class space    used 4908K, committed 5440K, reserved 1048576K
}
Event: 5.640 GC heap before
{Heap before GC invocations=22 (full 2):
 PSYoungGen      total 23040K, used 22658K [0x00000000d5580000, 0x00000000d6e80000, 0x0000000100000000)
  eden space 20480K, 99% used [0x00000000d5580000,0x00000000d697b1e8,0x00000000d6980000)
  from space 2560K, 85% used [0x00000000d6980000,0x00000000d6ba5808,0x00000000d6c00000)
  to   space 2560K, 0% used [0x00000000d6c00000,0x00000000d6c00000,0x00000000d6e80000)
 ParOldGen       total 68608K, used 28332K [0x0000000080000000, 0x0000000084300000, 0x00000000d5580000)
  object space 68608K, 41% used [0x0000000080000000,0x0000000081bab3e8,0x0000000084300000)
 Metaspace       used 46447K, committed 47680K, reserved 1114112K
  class space    used 4978K, committed 5504K, reserved 1048576K
}
Event: 5.642 GC heap after
{Heap after GC invocations=22 (full 2):
 PSYoungGen      total 23040K, used 2284K [0x00000000d5580000, 0x00000000d6e80000, 0x0000000100000000)
  eden space 20480K, 0% used [0x00000000d5580000,0x00000000d5580000,0x00000000d6980000)
  from space 2560K, 89% used [0x00000000d6c00000,0x00000000d6e3b008,0x00000000d6e80000)
  to   space 2560K, 0% used [0x00000000d6980000,0x00000000d6980000,0x00000000d6c00000)
 ParOldGen       total 68608K, used 30284K [0x0000000080000000, 0x0000000084300000, 0x00000000d5580000)
  object space 68608K, 44% used [0x0000000080000000,0x0000000081d933e8,0x0000000084300000)
 Metaspace       used 46447K, committed 47680K, reserved 1114112K
  class space    used 4978K, committed 5504K, reserved 1048576K
}
Event: 5.684 GC heap before
{Heap before GC invocations=23 (full 2):
 PSYoungGen      total 23040K, used 22764K [0x00000000d5580000, 0x00000000d6e80000, 0x0000000100000000)
  eden space 20480K, 100% used [0x00000000d5580000,0x00000000d6980000,0x00000000d6980000)
  from space 2560K, 89% used [0x00000000d6c00000,0x00000000d6e3b008,0x00000000d6e80000)
  to   space 2560K, 0% used [0x00000000d6980000,0x00000000d6980000,0x00000000d6c00000)
 ParOldGen       total 68608K, used 30284K [0x0000000080000000, 0x0000000084300000, 0x00000000d5580000)
  object space 68608K, 44% used [0x0000000080000000,0x0000000081d933e8,0x0000000084300000)
 Metaspace       used 46967K, committed 48256K, reserved 1114112K
  class space    used 5035K, committed 5568K, reserved 1048576K
}
Event: 5.685 GC heap after
{Heap after GC invocations=23 (full 2):
 PSYoungGen      total 23040K, used 2496K [0x00000000d5580000, 0x00000000d6e80000, 0x0000000100000000)
  eden space 20480K, 0% used [0x00000000d5580000,0x00000000d5580000,0x00000000d6980000)
  from space 2560K, 97% used [0x00000000d6980000,0x00000000d6bf0000,0x00000000d6c00000)
  to   space 2560K, 0% used [0x00000000d6c00000,0x00000000d6c00000,0x00000000d6e80000)
 ParOldGen       total 68608K, used 32320K [0x0000000080000000, 0x0000000084300000, 0x00000000d5580000)
  object space 68608K, 47% used [0x0000000080000000,0x0000000081f903f0,0x0000000084300000)
 Metaspace       used 46967K, committed 48256K, reserved 1114112K
  class space    used 5035K, committed 5568K, reserved 1048576K
}
Event: 5.730 GC heap before
{Heap before GC invocations=24 (full 2):
 PSYoungGen      total 23040K, used 22976K [0x00000000d5580000, 0x00000000d6e80000, 0x0000000100000000)
  eden space 20480K, 100% used [0x00000000d5580000,0x00000000d6980000,0x00000000d6980000)
  from space 2560K, 97% used [0x00000000d6980000,0x00000000d6bf0000,0x00000000d6c00000)
  to   space 2560K, 0% used [0x00000000d6c00000,0x00000000d6c00000,0x00000000d6e80000)
 ParOldGen       total 68608K, used 32320K [0x0000000080000000, 0x0000000084300000, 0x00000000d5580000)
  object space 68608K, 47% used [0x0000000080000000,0x0000000081f903f0,0x0000000084300000)
 Metaspace       used 47415K, committed 48640K, reserved 1114112K
  class space    used 5099K, committed 5632K, reserved 1048576K
}
Event: 5.732 GC heap after
{Heap after GC invocations=24 (full 2):
 PSYoungGen      total 23040K, used 2520K [0x00000000d5580000, 0x00000000d6e80000, 0x0000000100000000)
  eden space 20480K, 0% used [0x00000000d5580000,0x00000000d5580000,0x00000000d6980000)
  from space 2560K, 98% used [0x00000000d6c00000,0x00000000d6e76008,0x00000000d6e80000)
  to   space 2560K, 0% used [0x00000000d6980000,0x00000000d6980000,0x00000000d6c00000)
 ParOldGen       total 68608K, used 34503K [0x0000000080000000, 0x0000000084300000, 0x00000000d5580000)
  object space 68608K, 50% used [0x0000000080000000,0x00000000821b1ef8,0x0000000084300000)
 Metaspace       used 47415K, committed 48640K, reserved 1114112K
  class space    used 5099K, committed 5632K, reserved 1048576K
}
Event: 5.971 GC heap before
{Heap before GC invocations=25 (full 2):
 PSYoungGen      total 23040K, used 23000K [0x00000000d5580000, 0x00000000d6e80000, 0x0000000100000000)
  eden space 20480K, 100% used [0x00000000d5580000,0x00000000d6980000,0x00000000d6980000)
  from space 2560K, 98% used [0x00000000d6c00000,0x00000000d6e76008,0x00000000d6e80000)
  to   space 2560K, 0% used [0x00000000d6980000,0x00000000d6980000,0x00000000d6c00000)
 ParOldGen       total 68608K, used 34503K [0x0000000080000000, 0x0000000084300000, 0x00000000d5580000)
  object space 68608K, 50% used [0x0000000080000000,0x00000000821b1ef8,0x0000000084300000)
 Metaspace       used 48230K, committed 49472K, reserved 1114112K
  class space    used 5171K, committed 5696K, reserved 1048576K
}
Event: 5.974 GC heap after
{Heap after GC invocations=25 (full 2):
 PSYoungGen      total 22016K, used 1152K [0x00000000d5580000, 0x00000000d6d80000, 0x0000000100000000)
  eden space 20480K, 0% used [0x00000000d5580000,0x00000000d5580000,0x00000000d6980000)
  from space 1536K, 75% used [0x00000000d6980000,0x00000000d6aa0000,0x00000000d6b00000)
  to   space 2048K, 0% used [0x00000000d6b80000,0x00000000d6b80000,0x00000000d6d80000)
 ParOldGen       total 68608K, used 36877K [0x0000000080000000, 0x0000000084300000, 0x00000000d5580000)
  object space 68608K, 53% used [0x0000000080000000,0x00000000824035c0,0x0000000084300000)
 Metaspace       used 48230K, committed 49472K, reserved 1114112K
  class space    used 5171K, committed 5696K, reserved 1048576K
}
Event: 6.077 GC heap before
{Heap before GC invocations=26 (full 2):
 PSYoungGen      total 22016K, used 21632K [0x00000000d5580000, 0x00000000d6d80000, 0x0000000100000000)
  eden space 20480K, 100% used [0x00000000d5580000,0x00000000d6980000,0x00000000d6980000)
  from space 1536K, 75% used [0x00000000d6980000,0x00000000d6aa0000,0x00000000d6b00000)
  to   space 2048K, 0% used [0x00000000d6b80000,0x00000000d6b80000,0x00000000d6d80000)
 ParOldGen       total 68608K, used 36877K [0x0000000080000000, 0x0000000084300000, 0x00000000d5580000)
  object space 68608K, 53% used [0x0000000080000000,0x00000000824035c0,0x0000000084300000)
 Metaspace       used 48334K, committed 49600K, reserved 1114112K
  class space    used 5182K, committed 5696K, reserved 1048576K
}
Event: 6.078 GC heap after
{Heap after GC invocations=26 (full 2):
 PSYoungGen      total 22016K, used 1105K [0x00000000d5580000, 0x00000000d6d00000, 0x0000000100000000)
  eden space 20480K, 0% used [0x00000000d5580000,0x00000000d5580000,0x00000000d6980000)
  from space 1536K, 71% used [0x00000000d6b80000,0x00000000d6c946d0,0x00000000d6d00000)
  to   space 1536K, 0% used [0x00000000d6980000,0x00000000d6980000,0x00000000d6b00000)
 ParOldGen       total 68608K, used 37639K [0x0000000080000000, 0x0000000084300000, 0x00000000d5580000)
  object space 68608K, 54% used [0x0000000080000000,0x00000000824c1e50,0x0000000084300000)
 Metaspace       used 48334K, committed 49600K, reserved 1114112K
  class space    used 5182K, committed 5696K, reserved 1048576K
}
Event: 6.124 GC heap before
{Heap before GC invocations=27 (full 2):
 PSYoungGen      total 22016K, used 21585K [0x00000000d5580000, 0x00000000d6d00000, 0x0000000100000000)
  eden space 20480K, 100% used [0x00000000d5580000,0x00000000d6980000,0x00000000d6980000)
  from space 1536K, 71% used [0x00000000d6b80000,0x00000000d6c946d0,0x00000000d6d00000)
  to   space 1536K, 0% used [0x00000000d6980000,0x00000000d6980000,0x00000000d6b00000)
 ParOldGen       total 68608K, used 37639K [0x0000000080000000, 0x0000000084300000, 0x00000000d5580000)
  object space 68608K, 54% used [0x0000000080000000,0x00000000824c1e50,0x0000000084300000)
 Metaspace       used 48553K, committed 49792K, reserved 1114112K
  class space    used 5198K, committed 5696K, reserved 1048576K
}
Event: 6.125 GC heap after
{Heap after GC invocations=27 (full 2):
 PSYoungGen      total 22016K, used 1526K [0x00000000d5580000, 0x00000000d7080000, 0x0000000100000000)
  eden space 20480K, 0% used [0x00000000d5580000,0x00000000d5580000,0x00000000d6980000)
  from space 1536K, 99% used [0x00000000d6980000,0x00000000d6afd808,0x00000000d6b00000)
  to   space 3584K, 0% used [0x00000000d6d00000,0x00000000d6d00000,0x00000000d7080000)
 ParOldGen       total 68608K, used 38963K [0x0000000080000000, 0x0000000084300000, 0x00000000d5580000)
  object space 68608K, 56% used [0x0000000080000000,0x000000008260cfd0,0x0000000084300000)
 Metaspace       used 48553K, committed 49792K, reserved 1114112K
  class space    used 5198K, committed 5696K, reserved 1048576K
}
Event: 6.231 GC heap before
{Heap before GC invocations=28 (full 2):
 PSYoungGen      total 22016K, used 22006K [0x00000000d5580000, 0x00000000d7080000, 0x0000000100000000)
  eden space 20480K, 100% used [0x00000000d5580000,0x00000000d6980000,0x00000000d6980000)
  from space 1536K, 99% used [0x00000000d6980000,0x00000000d6afd808,0x00000000d6b00000)
  to   space 3584K, 0% used [0x00000000d6d00000,0x00000000d6d00000,0x00000000d7080000)
 ParOldGen       total 68608K, used 38964K [0x0000000080000000, 0x0000000084300000, 0x00000000d5580000)
  object space 68608K, 56% used [0x0000000080000000,0x000000008260d130,0x0000000084300000)
 Metaspace       used 49129K, committed 50368K, reserved 1114112K
  class space    used 5259K, committed 5760K, reserved 1048576K
}
Event: 6.233 GC heap after
{Heap after GC invocations=28 (full 2):
 PSYoungGen      total 23040K, used 2080K [0x00000000d5580000, 0x00000000d6f80000, 0x0000000100000000)
  eden space 20480K, 0% used [0x00000000d5580000,0x00000000d5580000,0x00000000d6980000)
  from space 2560K, 81% used [0x00000000d6d00000,0x00000000d6f081b0,0x00000000d6f80000)
  to   space 2560K, 0% used [0x00000000d6a80000,0x00000000d6a80000,0x00000000d6d00000)
 ParOldGen       total 68608K, used 40468K [0x0000000080000000, 0x0000000084300000, 0x00000000d5580000)
  object space 68608K, 58% used [0x0000000080000000,0x0000000082785130,0x0000000084300000)
 Metaspace       used 49129K, committed 50368K, reserved 1114112K
  class space    used 5259K, committed 5760K, reserved 1048576K
}

